running develop
running egg_info
creating trolleybot_base.egg-info
writing trolleybot_base.egg-info/PKG-INFO
writing dependency_links to trolleybot_base.egg-info/dependency_links.txt
writing entry points to trolleybot_base.egg-info/entry_points.txt
writing requirements to trolleybot_base.egg-info/requires.txt
writing top-level names to trolleybot_base.egg-info/top_level.txt
writing manifest file 'trolleybot_base.egg-info/SOURCES.txt'
reading manifest file 'trolleybot_base.egg-info/SOURCES.txt'
writing manifest file 'trolleybot_base.egg-info/SOURCES.txt'
running build_ext
Creating /home/karan/robomanthan/trolley bot/trolleybot/trolleybot_ws/install/trolleybot_base/lib/python3.10/site-packages/trolleybot-base.egg-link (link to .)
Installing base_node script to /home/karan/robomanthan/trolley bot/trolleybot/trolleybot_ws/install/trolleybot_base/lib/trolleybot_base

Installed /home/karan/robomanthan/trolley bot/trolleybot/trolleybot_ws/build/trolleybot_base
running symlink_data
creating /home/karan/robomanthan/trolley bot/trolleybot/trolleybot_ws/install/trolleybot_base/share/ament_index
creating /home/karan/robomanthan/trolley bot/trolleybot/trolleybot_ws/install/trolleybot_base/share/ament_index/resource_index
creating /home/karan/robomanthan/trolley bot/trolleybot/trolleybot_ws/install/trolleybot_base/share/ament_index/resource_index/packages
symbolically linking /home/karan/robomanthan/trolley bot/trolleybot/trolleybot_ws/build/trolleybot_base/resource/trolleybot_base -> /home/karan/robomanthan/trolley bot/trolleybot/trolleybot_ws/install/trolleybot_base/share/ament_index/resource_index/packages
symbolically linking /home/karan/robomanthan/trolley bot/trolleybot/trolleybot_ws/build/trolleybot_base/package.xml -> /home/karan/robomanthan/trolley bot/trolleybot/trolleybot_ws/install/trolleybot_base/share/trolleybot_base
