[0.683s] Invoking command in '/home/karan/robomanthan/trolley bot/trolleybot/trolleybot_ws/build/trolleybot_base': PYTHONPATH=/home/karan/robomanthan/trolley bot/trolleybot/trolleybot_ws/build/trolleybot_base/prefix_override:/usr/lib/python3/dist-packages/colcon_core/task/python/colcon_distutils_commands:/home/karan/robomanthan/trolley bot/trolleybot/trolleybot_ws/install/trolleybot_base/lib/python3.10/site-packages:${PYTHONPATH} /usr/bin/python3 -W ignore:setup.py install is deprecated -W ignore:easy_install command is deprecated setup.py develop --editable --build-directory /home/karan/robomanthan/trolley bot/trolleybot/trolleybot_ws/build/trolleybot_base/build --no-deps symlink_data
[0.911s] running develop
[1.061s] running egg_info
[1.061s] creating trolleybot_base.egg-info
[1.061s] writing trolleybot_base.egg-info/PKG-INFO
[1.062s] writing dependency_links to trolleybot_base.egg-info/dependency_links.txt
[1.062s] writing entry points to trolleybot_base.egg-info/entry_points.txt
[1.062s] writing requirements to trolleybot_base.egg-info/requires.txt
[1.062s] writing top-level names to trolleybot_base.egg-info/top_level.txt
[1.062s] writing manifest file 'trolleybot_base.egg-info/SOURCES.txt'
[1.064s] reading manifest file 'trolleybot_base.egg-info/SOURCES.txt'
[1.064s] writing manifest file 'trolleybot_base.egg-info/SOURCES.txt'
[1.065s] running build_ext
[1.065s] Creating /home/karan/robomanthan/trolley bot/trolleybot/trolleybot_ws/install/trolleybot_base/lib/python3.10/site-packages/trolleybot-base.egg-link (link to .)
[1.066s] Installing base_node script to /home/karan/robomanthan/trolley bot/trolleybot/trolleybot_ws/install/trolleybot_base/lib/trolleybot_base
[1.066s] 
[1.066s] Installed /home/karan/robomanthan/trolley bot/trolleybot/trolleybot_ws/build/trolleybot_base
[1.066s] running symlink_data
[1.067s] creating /home/karan/robomanthan/trolley bot/trolleybot/trolleybot_ws/install/trolleybot_base/share/ament_index
[1.067s] creating /home/karan/robomanthan/trolley bot/trolleybot/trolleybot_ws/install/trolleybot_base/share/ament_index/resource_index
[1.067s] creating /home/karan/robomanthan/trolley bot/trolleybot/trolleybot_ws/install/trolleybot_base/share/ament_index/resource_index/packages
[1.067s] symbolically linking /home/karan/robomanthan/trolley bot/trolleybot/trolleybot_ws/build/trolleybot_base/resource/trolleybot_base -> /home/karan/robomanthan/trolley bot/trolleybot/trolleybot_ws/install/trolleybot_base/share/ament_index/resource_index/packages
[1.067s] symbolically linking /home/karan/robomanthan/trolley bot/trolleybot/trolleybot_ws/build/trolleybot_base/package.xml -> /home/karan/robomanthan/trolley bot/trolleybot/trolleybot_ws/install/trolleybot_base/share/trolleybot_base
[1.102s] Invoked command in '/home/karan/robomanthan/trolley bot/trolleybot/trolleybot_ws/build/trolleybot_base' returned '0': PYTHONPATH=/home/karan/robomanthan/trolley bot/trolleybot/trolleybot_ws/build/trolleybot_base/prefix_override:/usr/lib/python3/dist-packages/colcon_core/task/python/colcon_distutils_commands:/home/karan/robomanthan/trolley bot/trolleybot/trolleybot_ws/install/trolleybot_base/lib/python3.10/site-packages:${PYTHONPATH} /usr/bin/python3 -W ignore:setup.py install is deprecated -W ignore:easy_install command is deprecated setup.py develop --editable --build-directory /home/karan/robomanthan/trolley bot/trolleybot/trolleybot_ws/build/trolleybot_base/build --no-deps symlink_data
