-- The C compiler identification is GNU 11.4.0
-- The CXX compiler identification is GNU 11.4.0
-- Detecting C compiler ABI info
-- Detecting C compiler ABI info - done
-- Check for working C compiler: /usr/bin/cc - skipped
-- Detecting C compile features
-- Detecting C compile features - done
-- Detecting CXX compiler ABI info
-- Detecting CXX compiler ABI info - done
-- Check for working CXX compiler: /usr/bin/c++ - skipped
-- Detecting CXX compile features
-- Detecting CXX compile features - done
-- Found ament_cmake: 1.3.12 (/opt/ros/humble/share/ament_cmake/cmake)
-- Found Python3: /usr/bin/python3 (found version "3.10.12") found components: Interpreter 
-- Override CMake install command with custom implementation using symlinks instead of copying resources
-- Found ament_lint_auto: 0.12.14 (/opt/ros/humble/share/ament_lint_auto/cmake)
-- Added test 'flake8' to check Python code syntax and style conventions
-- Added test 'lint_cmake' to check CMake code style
-- Added test 'pep257' to check Python code against some of the docstring style conventions in PEP 257
-- Added test 'xmllint' to check XML markup files
-- Configuring done
-- Generating done
-- Build files have been written to: /home/karan/robomanthan/trolley bot/trolleybot/trolleybot_ws/build/trolleybot_bringup
-- Install configuration: ""
-- Execute custom install script
-- Symlinking: /home/karan/robomanthan/trolley bot/trolleybot/trolleybot_ws/install/trolleybot_bringup/share/trolleybot_bringup/launch/bringup.launch.py
-- Symlinking: /home/karan/robomanthan/trolley bot/trolleybot/trolleybot_ws/install/trolleybot_bringup/share/ament_index/resource_index/package_run_dependencies/trolleybot_bringup
-- Symlinking: /home/karan/robomanthan/trolley bot/trolleybot/trolleybot_ws/install/trolleybot_bringup/share/ament_index/resource_index/parent_prefix_path/trolleybot_bringup
-- Symlinking: /home/karan/robomanthan/trolley bot/trolleybot/trolleybot_ws/install/trolleybot_bringup/share/trolleybot_bringup/environment/ament_prefix_path.sh
-- Symlinking: /home/karan/robomanthan/trolley bot/trolleybot/trolleybot_ws/install/trolleybot_bringup/share/trolleybot_bringup/environment/ament_prefix_path.dsv
-- Symlinking: /home/karan/robomanthan/trolley bot/trolleybot/trolleybot_ws/install/trolleybot_bringup/share/trolleybot_bringup/environment/path.sh
-- Symlinking: /home/karan/robomanthan/trolley bot/trolleybot/trolleybot_ws/install/trolleybot_bringup/share/trolleybot_bringup/environment/path.dsv
-- Symlinking: /home/karan/robomanthan/trolley bot/trolleybot/trolleybot_ws/install/trolleybot_bringup/share/trolleybot_bringup/local_setup.bash
-- Symlinking: /home/karan/robomanthan/trolley bot/trolleybot/trolleybot_ws/install/trolleybot_bringup/share/trolleybot_bringup/local_setup.sh
-- Symlinking: /home/karan/robomanthan/trolley bot/trolleybot/trolleybot_ws/install/trolleybot_bringup/share/trolleybot_bringup/local_setup.zsh
-- Symlinking: /home/karan/robomanthan/trolley bot/trolleybot/trolleybot_ws/install/trolleybot_bringup/share/trolleybot_bringup/local_setup.dsv
-- Symlinking: /home/karan/robomanthan/trolley bot/trolleybot/trolleybot_ws/install/trolleybot_bringup/share/trolleybot_bringup/package.dsv
-- Symlinking: /home/karan/robomanthan/trolley bot/trolleybot/trolleybot_ws/install/trolleybot_bringup/share/ament_index/resource_index/packages/trolleybot_bringup
-- Symlinking: /home/karan/robomanthan/trolley bot/trolleybot/trolleybot_ws/install/trolleybot_bringup/share/trolleybot_bringup/cmake/trolleybot_bringupConfig.cmake
-- Symlinking: /home/karan/robomanthan/trolley bot/trolleybot/trolleybot_ws/install/trolleybot_bringup/share/trolleybot_bringup/cmake/trolleybot_bringupConfig-version.cmake
-- Symlinking: /home/karan/robomanthan/trolley bot/trolleybot/trolleybot_ws/install/trolleybot_bringup/share/trolleybot_bringup/package.xml
