[0.236s] Invoking command in '/home/karan/robomanthan/trolley bot/trolleybot/trolleybot_ws/build/trolleybot_bringup': CMAKE_PREFIX_PATH=${CMAKE_PREFIX_PATH}:/home/karan/ros2_ws/install/vision_pkg:/home/karan/ros2_ws/install/serial_bridge_pkg:/home/karan/ros2_ws/install/pickplace_robot:/home/karan/ros2_ws/install/pickplace_control_pkg:/home/karan/ros2_ws/install/motor_uart:/opt/ros/humble /usr/bin/cmake /home/karan/robomanthan/trolley bot/trolleybot/trolleybot_ws/src/trolleybot_bringup -DAMENT_CMAKE_SYMLINK_INSTALL=1 -DCMAKE_INSTALL_PREFIX=/home/karan/robomanthan/trolley bot/trolleybot/trolleybot_ws/install/trolleybot_bringup
[0.325s] -- The C compiler identification is GNU 11.4.0
[0.410s] -- The CXX compiler identification is GNU 11.4.0
[0.419s] -- Detecting C compiler ABI info
[0.481s] -- Detecting C compiler ABI info - done
[0.487s] -- Check for working C compiler: /usr/bin/cc - skipped
[0.487s] -- Detecting C compile features
[0.488s] -- Detecting C compile features - done
[0.492s] -- Detecting CXX compiler ABI info
[0.560s] -- Detecting CXX compiler ABI info - done
[0.566s] -- Check for working CXX compiler: /usr/bin/c++ - skipped
[0.566s] -- Detecting CXX compile features
[0.566s] -- Detecting CXX compile features - done
[0.574s] -- Found ament_cmake: 1.3.12 (/opt/ros/humble/share/ament_cmake/cmake)
[0.709s] -- Found Python3: /usr/bin/python3 (found version "3.10.12") found components: Interpreter 
[0.770s] -- Override CMake install command with custom implementation using symlinks instead of copying resources
[0.813s] -- Found ament_lint_auto: 0.12.14 (/opt/ros/humble/share/ament_lint_auto/cmake)
[0.891s] -- Added test 'flake8' to check Python code syntax and style conventions
[0.892s] -- Added test 'lint_cmake' to check CMake code style
[0.892s] -- Added test 'pep257' to check Python code against some of the docstring style conventions in PEP 257
[0.894s] -- Added test 'xmllint' to check XML markup files
[0.896s] -- Configuring done
[0.900s] -- Generating done
[0.901s] -- Build files have been written to: /home/karan/robomanthan/trolley bot/trolleybot/trolleybot_ws/build/trolleybot_bringup
[0.909s] Invoked command in '/home/karan/robomanthan/trolley bot/trolleybot/trolleybot_ws/build/trolleybot_bringup' returned '0': CMAKE_PREFIX_PATH=${CMAKE_PREFIX_PATH}:/home/karan/ros2_ws/install/vision_pkg:/home/karan/ros2_ws/install/serial_bridge_pkg:/home/karan/ros2_ws/install/pickplace_robot:/home/karan/ros2_ws/install/pickplace_control_pkg:/home/karan/ros2_ws/install/motor_uart:/opt/ros/humble /usr/bin/cmake /home/karan/robomanthan/trolley bot/trolleybot/trolleybot_ws/src/trolleybot_bringup -DAMENT_CMAKE_SYMLINK_INSTALL=1 -DCMAKE_INSTALL_PREFIX=/home/karan/robomanthan/trolley bot/trolleybot/trolleybot_ws/install/trolleybot_bringup
[0.910s] Invoking command in '/home/karan/robomanthan/trolley bot/trolleybot/trolleybot_ws/build/trolleybot_bringup': CMAKE_PREFIX_PATH=${CMAKE_PREFIX_PATH}:/home/karan/ros2_ws/install/vision_pkg:/home/karan/ros2_ws/install/serial_bridge_pkg:/home/karan/ros2_ws/install/pickplace_robot:/home/karan/ros2_ws/install/pickplace_control_pkg:/home/karan/ros2_ws/install/motor_uart:/opt/ros/humble /usr/bin/cmake --build /home/karan/robomanthan/trolley bot/trolleybot/trolleybot_ws/build/trolleybot_bringup -- -j12 -l12
[0.942s] Invoked command in '/home/karan/robomanthan/trolley bot/trolleybot/trolleybot_ws/build/trolleybot_bringup' returned '0': CMAKE_PREFIX_PATH=${CMAKE_PREFIX_PATH}:/home/karan/ros2_ws/install/vision_pkg:/home/karan/ros2_ws/install/serial_bridge_pkg:/home/karan/ros2_ws/install/pickplace_robot:/home/karan/ros2_ws/install/pickplace_control_pkg:/home/karan/ros2_ws/install/motor_uart:/opt/ros/humble /usr/bin/cmake --build /home/karan/robomanthan/trolley bot/trolleybot/trolleybot_ws/build/trolleybot_bringup -- -j12 -l12
[0.951s] Invoking command in '/home/karan/robomanthan/trolley bot/trolleybot/trolleybot_ws/build/trolleybot_bringup': CMAKE_PREFIX_PATH=${CMAKE_PREFIX_PATH}:/home/karan/ros2_ws/install/vision_pkg:/home/karan/ros2_ws/install/serial_bridge_pkg:/home/karan/ros2_ws/install/pickplace_robot:/home/karan/ros2_ws/install/pickplace_control_pkg:/home/karan/ros2_ws/install/motor_uart:/opt/ros/humble /usr/bin/cmake --install /home/karan/robomanthan/trolley bot/trolleybot/trolleybot_ws/build/trolleybot_bringup
[0.958s] -- Install configuration: ""
[0.958s] -- Execute custom install script
[0.959s] -- Symlinking: /home/karan/robomanthan/trolley bot/trolleybot/trolleybot_ws/install/trolleybot_bringup/share/trolleybot_bringup/launch/bringup.launch.py
[0.967s] -- Symlinking: /home/karan/robomanthan/trolley bot/trolleybot/trolleybot_ws/install/trolleybot_bringup/share/ament_index/resource_index/package_run_dependencies/trolleybot_bringup
[0.975s] -- Symlinking: /home/karan/robomanthan/trolley bot/trolleybot/trolleybot_ws/install/trolleybot_bringup/share/ament_index/resource_index/parent_prefix_path/trolleybot_bringup
[0.984s] -- Symlinking: /home/karan/robomanthan/trolley bot/trolleybot/trolleybot_ws/install/trolleybot_bringup/share/trolleybot_bringup/environment/ament_prefix_path.sh
[0.993s] -- Symlinking: /home/karan/robomanthan/trolley bot/trolleybot/trolleybot_ws/install/trolleybot_bringup/share/trolleybot_bringup/environment/ament_prefix_path.dsv
[1.001s] -- Symlinking: /home/karan/robomanthan/trolley bot/trolleybot/trolleybot_ws/install/trolleybot_bringup/share/trolleybot_bringup/environment/path.sh
[1.009s] -- Symlinking: /home/karan/robomanthan/trolley bot/trolleybot/trolleybot_ws/install/trolleybot_bringup/share/trolleybot_bringup/environment/path.dsv
[1.018s] -- Symlinking: /home/karan/robomanthan/trolley bot/trolleybot/trolleybot_ws/install/trolleybot_bringup/share/trolleybot_bringup/local_setup.bash
[1.026s] -- Symlinking: /home/karan/robomanthan/trolley bot/trolleybot/trolleybot_ws/install/trolleybot_bringup/share/trolleybot_bringup/local_setup.sh
[1.034s] -- Symlinking: /home/karan/robomanthan/trolley bot/trolleybot/trolleybot_ws/install/trolleybot_bringup/share/trolleybot_bringup/local_setup.zsh
[1.042s] -- Symlinking: /home/karan/robomanthan/trolley bot/trolleybot/trolleybot_ws/install/trolleybot_bringup/share/trolleybot_bringup/local_setup.dsv
[1.050s] -- Symlinking: /home/karan/robomanthan/trolley bot/trolleybot/trolleybot_ws/install/trolleybot_bringup/share/trolleybot_bringup/package.dsv
[1.058s] -- Symlinking: /home/karan/robomanthan/trolley bot/trolleybot/trolleybot_ws/install/trolleybot_bringup/share/ament_index/resource_index/packages/trolleybot_bringup
[1.066s] -- Symlinking: /home/karan/robomanthan/trolley bot/trolleybot/trolleybot_ws/install/trolleybot_bringup/share/trolleybot_bringup/cmake/trolleybot_bringupConfig.cmake
[1.075s] -- Symlinking: /home/karan/robomanthan/trolley bot/trolleybot/trolleybot_ws/install/trolleybot_bringup/share/trolleybot_bringup/cmake/trolleybot_bringupConfig-version.cmake
[1.083s] -- Symlinking: /home/karan/robomanthan/trolley bot/trolleybot/trolleybot_ws/install/trolleybot_bringup/share/trolleybot_bringup/package.xml
[1.106s] Invoked command in '/home/karan/robomanthan/trolley bot/trolleybot/trolleybot_ws/build/trolleybot_bringup' returned '0': CMAKE_PREFIX_PATH=${CMAKE_PREFIX_PATH}:/home/karan/ros2_ws/install/vision_pkg:/home/karan/ros2_ws/install/serial_bridge_pkg:/home/karan/ros2_ws/install/pickplace_robot:/home/karan/ros2_ws/install/pickplace_control_pkg:/home/karan/ros2_ws/install/motor_uart:/opt/ros/humble /usr/bin/cmake --install /home/karan/robomanthan/trolley bot/trolleybot/trolleybot_ws/build/trolleybot_bringup
