[0.236s] Invoking command in '/home/karan/robomanthan/trolley bot/trolleybot/trolleybot_ws/build/trolleybot_description': CMAKE_PREFIX_PATH=${CMAKE_PREFIX_PATH}:/home/karan/ros2_ws/install/vision_pkg:/home/karan/ros2_ws/install/serial_bridge_pkg:/home/karan/ros2_ws/install/pickplace_robot:/home/karan/ros2_ws/install/pickplace_control_pkg:/home/karan/ros2_ws/install/motor_uart:/opt/ros/humble /usr/bin/cmake /home/karan/robomanthan/trolley bot/trolleybot/trolleybot_ws/src/trolleybot_description -DAMENT_CMAKE_SYMLINK_INSTALL=1 -DCMAKE_INSTALL_PREFIX=/home/karan/robomanthan/trolley bot/trolleybot/trolleybot_ws/install/trolleybot_description
[0.322s] -- The C compiler identification is GNU 11.4.0
[0.407s] -- The CXX compiler identification is GNU 11.4.0
[0.416s] -- Detecting C compiler ABI info
[0.479s] -- Detecting C compiler ABI info - done
[0.485s] -- Check for working C compiler: /usr/bin/cc - skipped
[0.485s] -- Detecting C compile features
[0.486s] -- Detecting C compile features - done
[0.489s] -- Detecting CXX compiler ABI info
[0.556s] -- Detecting CXX compiler ABI info - done
[0.563s] -- Check for working CXX compiler: /usr/bin/c++ - skipped
[0.563s] -- Detecting CXX compile features
[0.563s] -- Detecting CXX compile features - done
[0.570s] -- Found ament_cmake: 1.3.12 (/opt/ros/humble/share/ament_cmake/cmake)
[0.706s] -- Found Python3: /usr/bin/python3 (found version "3.10.12") found components: Interpreter 
[0.766s] -- Override CMake install command with custom implementation using symlinks instead of copying resources
[0.809s] -- Found ament_lint_auto: 0.12.14 (/opt/ros/humble/share/ament_lint_auto/cmake)
[0.887s] -- Added test 'flake8' to check Python code syntax and style conventions
[0.888s] -- Added test 'lint_cmake' to check CMake code style
[0.889s] -- Added test 'pep257' to check Python code against some of the docstring style conventions in PEP 257
[0.890s] -- Added test 'xmllint' to check XML markup files
[0.892s] -- Configuring done
[0.895s] -- Generating done
[0.896s] -- Build files have been written to: /home/karan/robomanthan/trolley bot/trolleybot/trolleybot_ws/build/trolleybot_description
[0.903s] Invoked command in '/home/karan/robomanthan/trolley bot/trolleybot/trolleybot_ws/build/trolleybot_description' returned '0': CMAKE_PREFIX_PATH=${CMAKE_PREFIX_PATH}:/home/karan/ros2_ws/install/vision_pkg:/home/karan/ros2_ws/install/serial_bridge_pkg:/home/karan/ros2_ws/install/pickplace_robot:/home/karan/ros2_ws/install/pickplace_control_pkg:/home/karan/ros2_ws/install/motor_uart:/opt/ros/humble /usr/bin/cmake /home/karan/robomanthan/trolley bot/trolleybot/trolleybot_ws/src/trolleybot_description -DAMENT_CMAKE_SYMLINK_INSTALL=1 -DCMAKE_INSTALL_PREFIX=/home/karan/robomanthan/trolley bot/trolleybot/trolleybot_ws/install/trolleybot_description
[0.904s] Invoking command in '/home/karan/robomanthan/trolley bot/trolleybot/trolleybot_ws/build/trolleybot_description': CMAKE_PREFIX_PATH=${CMAKE_PREFIX_PATH}:/home/karan/ros2_ws/install/vision_pkg:/home/karan/ros2_ws/install/serial_bridge_pkg:/home/karan/ros2_ws/install/pickplace_robot:/home/karan/ros2_ws/install/pickplace_control_pkg:/home/karan/ros2_ws/install/motor_uart:/opt/ros/humble /usr/bin/cmake --build /home/karan/robomanthan/trolley bot/trolleybot/trolleybot_ws/build/trolleybot_description -- -j12 -l12
[0.948s] Invoked command in '/home/karan/robomanthan/trolley bot/trolleybot/trolleybot_ws/build/trolleybot_description' returned '0': CMAKE_PREFIX_PATH=${CMAKE_PREFIX_PATH}:/home/karan/ros2_ws/install/vision_pkg:/home/karan/ros2_ws/install/serial_bridge_pkg:/home/karan/ros2_ws/install/pickplace_robot:/home/karan/ros2_ws/install/pickplace_control_pkg:/home/karan/ros2_ws/install/motor_uart:/opt/ros/humble /usr/bin/cmake --build /home/karan/robomanthan/trolley bot/trolleybot/trolleybot_ws/build/trolleybot_description -- -j12 -l12
[0.949s] Invoking command in '/home/karan/robomanthan/trolley bot/trolleybot/trolleybot_ws/build/trolleybot_description': CMAKE_PREFIX_PATH=${CMAKE_PREFIX_PATH}:/home/karan/ros2_ws/install/vision_pkg:/home/karan/ros2_ws/install/serial_bridge_pkg:/home/karan/ros2_ws/install/pickplace_robot:/home/karan/ros2_ws/install/pickplace_control_pkg:/home/karan/ros2_ws/install/motor_uart:/opt/ros/humble /usr/bin/cmake --install /home/karan/robomanthan/trolley bot/trolleybot/trolleybot_ws/build/trolleybot_description
[0.955s] -- Install configuration: ""
[0.956s] -- Execute custom install script
[0.956s] -- Symlinking: /home/karan/robomanthan/trolley bot/trolleybot/trolleybot_ws/install/trolleybot_description/share/trolleybot_description/urdf/trolleybot.urdf
[0.964s] -- Symlinking: /home/karan/robomanthan/trolley bot/trolleybot/trolleybot_ws/install/trolleybot_description/share/trolleybot_description/launch/rsp.launch.py
[0.972s] -- Symlinking: /home/karan/robomanthan/trolley bot/trolleybot/trolleybot_ws/install/trolleybot_description/share/ament_index/resource_index/package_run_dependencies/trolleybot_description
[0.981s] -- Symlinking: /home/karan/robomanthan/trolley bot/trolleybot/trolleybot_ws/install/trolleybot_description/share/ament_index/resource_index/parent_prefix_path/trolleybot_description
[0.989s] -- Symlinking: /home/karan/robomanthan/trolley bot/trolleybot/trolleybot_ws/install/trolleybot_description/share/trolleybot_description/environment/ament_prefix_path.sh
[0.998s] -- Symlinking: /home/karan/robomanthan/trolley bot/trolleybot/trolleybot_ws/install/trolleybot_description/share/trolleybot_description/environment/ament_prefix_path.dsv
[1.006s] -- Symlinking: /home/karan/robomanthan/trolley bot/trolleybot/trolleybot_ws/install/trolleybot_description/share/trolleybot_description/environment/path.sh
[1.014s] -- Symlinking: /home/karan/robomanthan/trolley bot/trolleybot/trolleybot_ws/install/trolleybot_description/share/trolleybot_description/environment/path.dsv
[1.022s] -- Symlinking: /home/karan/robomanthan/trolley bot/trolleybot/trolleybot_ws/install/trolleybot_description/share/trolleybot_description/local_setup.bash
[1.030s] -- Symlinking: /home/karan/robomanthan/trolley bot/trolleybot/trolleybot_ws/install/trolleybot_description/share/trolleybot_description/local_setup.sh
[1.038s] -- Symlinking: /home/karan/robomanthan/trolley bot/trolleybot/trolleybot_ws/install/trolleybot_description/share/trolleybot_description/local_setup.zsh
[1.046s] -- Symlinking: /home/karan/robomanthan/trolley bot/trolleybot/trolleybot_ws/install/trolleybot_description/share/trolleybot_description/local_setup.dsv
[1.054s] -- Symlinking: /home/karan/robomanthan/trolley bot/trolleybot/trolleybot_ws/install/trolleybot_description/share/trolleybot_description/package.dsv
[1.062s] -- Symlinking: /home/karan/robomanthan/trolley bot/trolleybot/trolleybot_ws/install/trolleybot_description/share/ament_index/resource_index/packages/trolleybot_description
[1.071s] -- Symlinking: /home/karan/robomanthan/trolley bot/trolleybot/trolleybot_ws/install/trolleybot_description/share/trolleybot_description/cmake/trolleybot_descriptionConfig.cmake
[1.080s] -- Symlinking: /home/karan/robomanthan/trolley bot/trolleybot/trolleybot_ws/install/trolleybot_description/share/trolleybot_description/cmake/trolleybot_descriptionConfig-version.cmake
[1.089s] -- Symlinking: /home/karan/robomanthan/trolley bot/trolleybot/trolleybot_ws/install/trolleybot_description/share/trolleybot_description/package.xml
[1.111s] Invoked command in '/home/karan/robomanthan/trolley bot/trolleybot/trolleybot_ws/build/trolleybot_description' returned '0': CMAKE_PREFIX_PATH=${CMAKE_PREFIX_PATH}:/home/karan/ros2_ws/install/vision_pkg:/home/karan/ros2_ws/install/serial_bridge_pkg:/home/karan/ros2_ws/install/pickplace_robot:/home/karan/ros2_ws/install/pickplace_control_pkg:/home/karan/ros2_ws/install/motor_uart:/opt/ros/humble /usr/bin/cmake --install /home/karan/robomanthan/trolley bot/trolleybot/trolleybot_ws/build/trolleybot_description
