[0.234s] Invoking command in '/home/karan/robomanthan/trolley bot/trolleybot/trolleybot_ws/build/trolleybot_slam': CMAKE_PREFIX_PATH=${CMAKE_PREFIX_PATH}:/home/karan/ros2_ws/install/vision_pkg:/home/karan/ros2_ws/install/serial_bridge_pkg:/home/karan/ros2_ws/install/pickplace_robot:/home/karan/ros2_ws/install/pickplace_control_pkg:/home/karan/ros2_ws/install/motor_uart:/opt/ros/humble /usr/bin/cmake /home/karan/robomanthan/trolley bot/trolleybot/trolleybot_ws/src/trolleybot_slam -DAMENT_CMAKE_SYMLINK_INSTALL=1 -DCMAKE_INSTALL_PREFIX=/home/karan/robomanthan/trolley bot/trolleybot/trolleybot_ws/install/trolleybot_slam
[0.318s] -- The C compiler identification is GNU 11.4.0
[0.402s] -- The CXX compiler identification is GNU 11.4.0
[0.412s] -- Detecting C compiler ABI info
[0.474s] -- Detecting C compiler ABI info - done
[0.480s] -- Check for working C compiler: /usr/bin/cc - skipped
[0.480s] -- Detecting C compile features
[0.481s] -- Detecting C compile features - done
[0.483s] -- Detecting CXX compiler ABI info
[0.552s] -- Detecting CXX compiler ABI info - done
[0.558s] -- Check for working CXX compiler: /usr/bin/c++ - skipped
[0.558s] -- Detecting CXX compile features
[0.559s] -- Detecting CXX compile features - done
[0.566s] -- Found ament_cmake: 1.3.12 (/opt/ros/humble/share/ament_cmake/cmake)
[0.702s] -- Found Python3: /usr/bin/python3 (found version "3.10.12") found components: Interpreter 
[0.761s] -- Override CMake install command with custom implementation using symlinks instead of copying resources
[0.805s] -- Found ament_lint_auto: 0.12.14 (/opt/ros/humble/share/ament_lint_auto/cmake)
[0.884s] -- Added test 'flake8' to check Python code syntax and style conventions
[0.884s] -- Added test 'lint_cmake' to check CMake code style
[0.885s] -- Added test 'pep257' to check Python code against some of the docstring style conventions in PEP 257
[0.886s] -- Added test 'xmllint' to check XML markup files
[0.888s] -- Configuring done
[0.891s] -- Generating done
[0.892s] -- Build files have been written to: /home/karan/robomanthan/trolley bot/trolleybot/trolleybot_ws/build/trolleybot_slam
[0.897s] Invoked command in '/home/karan/robomanthan/trolley bot/trolleybot/trolleybot_ws/build/trolleybot_slam' returned '0': CMAKE_PREFIX_PATH=${CMAKE_PREFIX_PATH}:/home/karan/ros2_ws/install/vision_pkg:/home/karan/ros2_ws/install/serial_bridge_pkg:/home/karan/ros2_ws/install/pickplace_robot:/home/karan/ros2_ws/install/pickplace_control_pkg:/home/karan/ros2_ws/install/motor_uart:/opt/ros/humble /usr/bin/cmake /home/karan/robomanthan/trolley bot/trolleybot/trolleybot_ws/src/trolleybot_slam -DAMENT_CMAKE_SYMLINK_INSTALL=1 -DCMAKE_INSTALL_PREFIX=/home/karan/robomanthan/trolley bot/trolleybot/trolleybot_ws/install/trolleybot_slam
[0.898s] Invoking command in '/home/karan/robomanthan/trolley bot/trolleybot/trolleybot_ws/build/trolleybot_slam': CMAKE_PREFIX_PATH=${CMAKE_PREFIX_PATH}:/home/karan/ros2_ws/install/vision_pkg:/home/karan/ros2_ws/install/serial_bridge_pkg:/home/karan/ros2_ws/install/pickplace_robot:/home/karan/ros2_ws/install/pickplace_control_pkg:/home/karan/ros2_ws/install/motor_uart:/opt/ros/humble /usr/bin/cmake --build /home/karan/robomanthan/trolley bot/trolleybot/trolleybot_ws/build/trolleybot_slam -- -j12 -l12
[0.945s] Invoked command in '/home/karan/robomanthan/trolley bot/trolleybot/trolleybot_ws/build/trolleybot_slam' returned '0': CMAKE_PREFIX_PATH=${CMAKE_PREFIX_PATH}:/home/karan/ros2_ws/install/vision_pkg:/home/karan/ros2_ws/install/serial_bridge_pkg:/home/karan/ros2_ws/install/pickplace_robot:/home/karan/ros2_ws/install/pickplace_control_pkg:/home/karan/ros2_ws/install/motor_uart:/opt/ros/humble /usr/bin/cmake --build /home/karan/robomanthan/trolley bot/trolleybot/trolleybot_ws/build/trolleybot_slam -- -j12 -l12
[0.947s] Invoking command in '/home/karan/robomanthan/trolley bot/trolleybot/trolleybot_ws/build/trolleybot_slam': CMAKE_PREFIX_PATH=${CMAKE_PREFIX_PATH}:/home/karan/ros2_ws/install/vision_pkg:/home/karan/ros2_ws/install/serial_bridge_pkg:/home/karan/ros2_ws/install/pickplace_robot:/home/karan/ros2_ws/install/pickplace_control_pkg:/home/karan/ros2_ws/install/motor_uart:/opt/ros/humble /usr/bin/cmake --install /home/karan/robomanthan/trolley bot/trolleybot/trolleybot_ws/build/trolleybot_slam
[0.952s] -- Install configuration: ""
[0.953s] -- Execute custom install script
[0.953s] -- Symlinking: /home/karan/robomanthan/trolley bot/trolleybot/trolleybot_ws/install/trolleybot_slam/share/trolleybot_slam/config/mapper_params_online_async.yaml
[0.960s] -- Symlinking: /home/karan/robomanthan/trolley bot/trolleybot/trolleybot_ws/install/trolleybot_slam/share/trolleybot_slam/launch/slam.launch.py
[0.968s] -- Symlinking: /home/karan/robomanthan/trolley bot/trolleybot/trolleybot_ws/install/trolleybot_slam/share/ament_index/resource_index/package_run_dependencies/trolleybot_slam
[0.977s] -- Symlinking: /home/karan/robomanthan/trolley bot/trolleybot/trolleybot_ws/install/trolleybot_slam/share/ament_index/resource_index/parent_prefix_path/trolleybot_slam
[0.985s] -- Symlinking: /home/karan/robomanthan/trolley bot/trolleybot/trolleybot_ws/install/trolleybot_slam/share/trolleybot_slam/environment/ament_prefix_path.sh
[0.993s] -- Symlinking: /home/karan/robomanthan/trolley bot/trolleybot/trolleybot_ws/install/trolleybot_slam/share/trolleybot_slam/environment/ament_prefix_path.dsv
[1.002s] -- Symlinking: /home/karan/robomanthan/trolley bot/trolleybot/trolleybot_ws/install/trolleybot_slam/share/trolleybot_slam/environment/path.sh
[1.010s] -- Symlinking: /home/karan/robomanthan/trolley bot/trolleybot/trolleybot_ws/install/trolleybot_slam/share/trolleybot_slam/environment/path.dsv
[1.018s] -- Symlinking: /home/karan/robomanthan/trolley bot/trolleybot/trolleybot_ws/install/trolleybot_slam/share/trolleybot_slam/local_setup.bash
[1.026s] -- Symlinking: /home/karan/robomanthan/trolley bot/trolleybot/trolleybot_ws/install/trolleybot_slam/share/trolleybot_slam/local_setup.sh
[1.034s] -- Symlinking: /home/karan/robomanthan/trolley bot/trolleybot/trolleybot_ws/install/trolleybot_slam/share/trolleybot_slam/local_setup.zsh
[1.042s] -- Symlinking: /home/karan/robomanthan/trolley bot/trolleybot/trolleybot_ws/install/trolleybot_slam/share/trolleybot_slam/local_setup.dsv
[1.050s] -- Symlinking: /home/karan/robomanthan/trolley bot/trolleybot/trolleybot_ws/install/trolleybot_slam/share/trolleybot_slam/package.dsv
[1.058s] -- Symlinking: /home/karan/robomanthan/trolley bot/trolleybot/trolleybot_ws/install/trolleybot_slam/share/ament_index/resource_index/packages/trolleybot_slam
[1.067s] -- Symlinking: /home/karan/robomanthan/trolley bot/trolleybot/trolleybot_ws/install/trolleybot_slam/share/trolleybot_slam/cmake/trolleybot_slamConfig.cmake
[1.075s] -- Symlinking: /home/karan/robomanthan/trolley bot/trolleybot/trolleybot_ws/install/trolleybot_slam/share/trolleybot_slam/cmake/trolleybot_slamConfig-version.cmake
[1.085s] -- Symlinking: /home/karan/robomanthan/trolley bot/trolleybot/trolleybot_ws/install/trolleybot_slam/share/trolleybot_slam/package.xml
[1.116s] Invoked command in '/home/karan/robomanthan/trolley bot/trolleybot/trolleybot_ws/build/trolleybot_slam' returned '0': CMAKE_PREFIX_PATH=${CMAKE_PREFIX_PATH}:/home/karan/ros2_ws/install/vision_pkg:/home/karan/ros2_ws/install/serial_bridge_pkg:/home/karan/ros2_ws/install/pickplace_robot:/home/karan/ros2_ws/install/pickplace_control_pkg:/home/karan/ros2_ws/install/motor_uart:/opt/ros/humble /usr/bin/cmake --install /home/karan/robomanthan/trolley bot/trolleybot/trolleybot_ws/build/trolleybot_slam
