[0.271s] DEBUG:colcon:Command line arguments: ['/usr/bin/colcon', 'build', '--symlink-install']
[0.271s] DEBUG:colcon:Parsed command line arguments: Namespace(log_base=None, log_level=None, verb_name='build', build_base='build', install_base='install', merge_install=False, symlink_install=True, test_result_base=None, continue_on_error=False, executor='parallel', parallel_workers=12, event_handlers=None, ignore_user_meta=False, metas=['./colcon.meta'], base_paths=['.'], packages_ignore=None, packages_ignore_regex=None, paths=None, packages_up_to=None, packages_up_to_regex=None, packages_above=None, packages_above_and_dependencies=None, packages_above_depth=None, packages_select_by_dep=None, packages_skip_by_dep=None, packages_skip_up_to=None, packages_select_build_failed=False, packages_skip_build_finished=False, packages_select_test_failures=False, packages_skip_test_passed=False, packages_select=None, packages_skip=None, packages_select_regex=None, packages_skip_regex=None, packages_start=None, packages_end=None, allow_overriding=[], cmake_args=None, cmake_target=None, cmake_target_skip_unavailable=False, cmake_clean_cache=False, cmake_clean_first=False, cmake_force_configure=False, ament_cmake_args=None, catkin_cmake_args=None, catkin_skip_building_tests=False, mixin_files=None, mixin=None, verb_parser=<colcon_mixin.mixin.mixin_argument.MixinArgumentDecorator object at 0x75db1705be80>, verb_extension=<colcon_core.verb.build.BuildVerb object at 0x75db1705b9d0>, main=<bound method BuildVerb.main of <colcon_core.verb.build.BuildVerb object at 0x75db1705b9d0>>, mixin_verb=('build',))
[0.483s] Level 1:colcon.colcon_core.package_discovery:discover_packages(colcon_meta) check parameters
[0.483s] Level 1:colcon.colcon_core.package_discovery:discover_packages(recursive) check parameters
[0.483s] Level 1:colcon.colcon_core.package_discovery:discover_packages(ignore) check parameters
[0.484s] Level 1:colcon.colcon_core.package_discovery:discover_packages(path) check parameters
[0.484s] Level 1:colcon.colcon_core.package_discovery:discover_packages(colcon_meta) discover
[0.484s] Level 1:colcon.colcon_core.package_discovery:discover_packages(recursive) discover
[0.484s] INFO:colcon.colcon_core.package_discovery:Crawling recursively for packages in '/home/karan/robomanthan/trolley bot/trolleybot/trolleybot_ws'
[0.484s] Level 1:colcon.colcon_core.package_identification:_identify(.) by extensions ['ignore', 'ignore_ament_install']
[0.484s] Level 1:colcon.colcon_core.package_identification:_identify(.) by extension 'ignore'
[0.484s] Level 1:colcon.colcon_core.package_identification:_identify(.) by extension 'ignore_ament_install'
[0.484s] Level 1:colcon.colcon_core.package_identification:_identify(.) by extensions ['colcon_pkg']
[0.484s] Level 1:colcon.colcon_core.package_identification:_identify(.) by extension 'colcon_pkg'
[0.484s] Level 1:colcon.colcon_core.package_identification:_identify(.) by extensions ['colcon_meta']
[0.484s] Level 1:colcon.colcon_core.package_identification:_identify(.) by extension 'colcon_meta'
[0.484s] Level 1:colcon.colcon_core.package_identification:_identify(.) by extensions ['ros']
[0.484s] Level 1:colcon.colcon_core.package_identification:_identify(.) by extension 'ros'
[0.493s] Level 1:colcon.colcon_core.package_identification:_identify(.) by extensions ['cmake', 'python']
[0.493s] Level 1:colcon.colcon_core.package_identification:_identify(.) by extension 'cmake'
[0.493s] Level 1:colcon.colcon_core.package_identification:_identify(.) by extension 'python'
[0.493s] Level 1:colcon.colcon_core.package_identification:_identify(.) by extensions ['python_setup_py']
[0.493s] Level 1:colcon.colcon_core.package_identification:_identify(.) by extension 'python_setup_py'
[0.493s] Level 1:colcon.colcon_core.package_identification:_identify(build) by extensions ['ignore', 'ignore_ament_install']
[0.493s] Level 1:colcon.colcon_core.package_identification:_identify(build) by extension 'ignore'
[0.493s] Level 1:colcon.colcon_core.package_identification:_identify(build) ignored
[0.493s] Level 1:colcon.colcon_core.package_identification:_identify(install) by extensions ['ignore', 'ignore_ament_install']
[0.493s] Level 1:colcon.colcon_core.package_identification:_identify(install) by extension 'ignore'
[0.493s] Level 1:colcon.colcon_core.package_identification:_identify(install) ignored
[0.494s] Level 1:colcon.colcon_core.package_identification:_identify(log) by extensions ['ignore', 'ignore_ament_install']
[0.494s] Level 1:colcon.colcon_core.package_identification:_identify(log) by extension 'ignore'
[0.494s] Level 1:colcon.colcon_core.package_identification:_identify(log) ignored
[0.494s] Level 1:colcon.colcon_core.package_identification:_identify(src) by extensions ['ignore', 'ignore_ament_install']
[0.494s] Level 1:colcon.colcon_core.package_identification:_identify(src) by extension 'ignore'
[0.494s] Level 1:colcon.colcon_core.package_identification:_identify(src) by extension 'ignore_ament_install'
[0.494s] Level 1:colcon.colcon_core.package_identification:_identify(src) by extensions ['colcon_pkg']
[0.494s] Level 1:colcon.colcon_core.package_identification:_identify(src) by extension 'colcon_pkg'
[0.494s] Level 1:colcon.colcon_core.package_identification:_identify(src) by extensions ['colcon_meta']
[0.494s] Level 1:colcon.colcon_core.package_identification:_identify(src) by extension 'colcon_meta'
[0.494s] Level 1:colcon.colcon_core.package_identification:_identify(src) by extensions ['ros']
[0.494s] Level 1:colcon.colcon_core.package_identification:_identify(src) by extension 'ros'
[0.494s] Level 1:colcon.colcon_core.package_identification:_identify(src) by extensions ['cmake', 'python']
[0.494s] Level 1:colcon.colcon_core.package_identification:_identify(src) by extension 'cmake'
[0.494s] Level 1:colcon.colcon_core.package_identification:_identify(src) by extension 'python'
[0.494s] Level 1:colcon.colcon_core.package_identification:_identify(src) by extensions ['python_setup_py']
[0.494s] Level 1:colcon.colcon_core.package_identification:_identify(src) by extension 'python_setup_py'
[0.494s] Level 1:colcon.colcon_core.package_identification:_identify(src/trolleybot_base) by extensions ['ignore', 'ignore_ament_install']
[0.494s] Level 1:colcon.colcon_core.package_identification:_identify(src/trolleybot_base) by extension 'ignore'
[0.494s] Level 1:colcon.colcon_core.package_identification:_identify(src/trolleybot_base) by extension 'ignore_ament_install'
[0.494s] Level 1:colcon.colcon_core.package_identification:_identify(src/trolleybot_base) by extensions ['colcon_pkg']
[0.494s] Level 1:colcon.colcon_core.package_identification:_identify(src/trolleybot_base) by extension 'colcon_pkg'
[0.494s] Level 1:colcon.colcon_core.package_identification:_identify(src/trolleybot_base) by extensions ['colcon_meta']
[0.494s] Level 1:colcon.colcon_core.package_identification:_identify(src/trolleybot_base) by extension 'colcon_meta'
[0.494s] Level 1:colcon.colcon_core.package_identification:_identify(src/trolleybot_base) by extensions ['ros']
[0.494s] Level 1:colcon.colcon_core.package_identification:_identify(src/trolleybot_base) by extension 'ros'
[0.497s] DEBUG:colcon.colcon_core.package_identification:Package 'src/trolleybot_base' with type 'ros.ament_python' and name 'trolleybot_base'
[0.497s] Level 1:colcon.colcon_core.package_identification:_identify(src/trolleybot_bringup) by extensions ['ignore', 'ignore_ament_install']
[0.497s] Level 1:colcon.colcon_core.package_identification:_identify(src/trolleybot_bringup) by extension 'ignore'
[0.497s] Level 1:colcon.colcon_core.package_identification:_identify(src/trolleybot_bringup) by extension 'ignore_ament_install'
[0.497s] Level 1:colcon.colcon_core.package_identification:_identify(src/trolleybot_bringup) by extensions ['colcon_pkg']
[0.497s] Level 1:colcon.colcon_core.package_identification:_identify(src/trolleybot_bringup) by extension 'colcon_pkg'
[0.497s] Level 1:colcon.colcon_core.package_identification:_identify(src/trolleybot_bringup) by extensions ['colcon_meta']
[0.497s] Level 1:colcon.colcon_core.package_identification:_identify(src/trolleybot_bringup) by extension 'colcon_meta'
[0.497s] Level 1:colcon.colcon_core.package_identification:_identify(src/trolleybot_bringup) by extensions ['ros']
[0.497s] Level 1:colcon.colcon_core.package_identification:_identify(src/trolleybot_bringup) by extension 'ros'
[0.497s] DEBUG:colcon.colcon_core.package_identification:Package 'src/trolleybot_bringup' with type 'ros.ament_cmake' and name 'trolleybot_bringup'
[0.497s] Level 1:colcon.colcon_core.package_identification:_identify(src/trolleybot_description) by extensions ['ignore', 'ignore_ament_install']
[0.498s] Level 1:colcon.colcon_core.package_identification:_identify(src/trolleybot_description) by extension 'ignore'
[0.498s] Level 1:colcon.colcon_core.package_identification:_identify(src/trolleybot_description) by extension 'ignore_ament_install'
[0.498s] Level 1:colcon.colcon_core.package_identification:_identify(src/trolleybot_description) by extensions ['colcon_pkg']
[0.498s] Level 1:colcon.colcon_core.package_identification:_identify(src/trolleybot_description) by extension 'colcon_pkg'
[0.498s] Level 1:colcon.colcon_core.package_identification:_identify(src/trolleybot_description) by extensions ['colcon_meta']
[0.498s] Level 1:colcon.colcon_core.package_identification:_identify(src/trolleybot_description) by extension 'colcon_meta'
[0.498s] Level 1:colcon.colcon_core.package_identification:_identify(src/trolleybot_description) by extensions ['ros']
[0.498s] Level 1:colcon.colcon_core.package_identification:_identify(src/trolleybot_description) by extension 'ros'
[0.498s] DEBUG:colcon.colcon_core.package_identification:Package 'src/trolleybot_description' with type 'ros.ament_cmake' and name 'trolleybot_description'
[0.498s] Level 1:colcon.colcon_core.package_identification:_identify(src/trolleybot_slam) by extensions ['ignore', 'ignore_ament_install']
[0.498s] Level 1:colcon.colcon_core.package_identification:_identify(src/trolleybot_slam) by extension 'ignore'
[0.498s] Level 1:colcon.colcon_core.package_identification:_identify(src/trolleybot_slam) by extension 'ignore_ament_install'
[0.498s] Level 1:colcon.colcon_core.package_identification:_identify(src/trolleybot_slam) by extensions ['colcon_pkg']
[0.498s] Level 1:colcon.colcon_core.package_identification:_identify(src/trolleybot_slam) by extension 'colcon_pkg'
[0.498s] Level 1:colcon.colcon_core.package_identification:_identify(src/trolleybot_slam) by extensions ['colcon_meta']
[0.498s] Level 1:colcon.colcon_core.package_identification:_identify(src/trolleybot_slam) by extension 'colcon_meta'
[0.498s] Level 1:colcon.colcon_core.package_identification:_identify(src/trolleybot_slam) by extensions ['ros']
[0.498s] Level 1:colcon.colcon_core.package_identification:_identify(src/trolleybot_slam) by extension 'ros'
[0.499s] DEBUG:colcon.colcon_core.package_identification:Package 'src/trolleybot_slam' with type 'ros.ament_cmake' and name 'trolleybot_slam'
[0.499s] Level 1:colcon.colcon_core.package_discovery:discover_packages(recursive) using defaults
[0.499s] Level 1:colcon.colcon_core.package_discovery:discover_packages(ignore) discover
[0.499s] Level 1:colcon.colcon_core.package_discovery:discover_packages(ignore) using defaults
[0.499s] Level 1:colcon.colcon_core.package_discovery:discover_packages(path) discover
[0.499s] Level 1:colcon.colcon_core.package_discovery:discover_packages(path) using defaults
[0.529s] Level 1:colcon.colcon_core.package_discovery:discover_packages(prefix_path) check parameters
[0.529s] Level 1:colcon.colcon_core.package_discovery:discover_packages(prefix_path) discover
[0.532s] DEBUG:colcon.colcon_installed_package_information.package_discovery:Found 9 installed packages in /home/karan/ros2_ws/install
[0.533s] DEBUG:colcon.colcon_installed_package_information.package_discovery:Found 385 installed packages in /opt/ros/humble
[0.534s] Level 1:colcon.colcon_core.package_discovery:discover_packages(prefix_path) using defaults
[0.573s] Level 5:colcon.colcon_core.verb:set package 'trolleybot_base' build argument 'cmake_args' from command line to 'None'
[0.573s] Level 5:colcon.colcon_core.verb:set package 'trolleybot_base' build argument 'cmake_target' from command line to 'None'
[0.573s] Level 5:colcon.colcon_core.verb:set package 'trolleybot_base' build argument 'cmake_target_skip_unavailable' from command line to 'False'
[0.573s] Level 5:colcon.colcon_core.verb:set package 'trolleybot_base' build argument 'cmake_clean_cache' from command line to 'False'
[0.573s] Level 5:colcon.colcon_core.verb:set package 'trolleybot_base' build argument 'cmake_clean_first' from command line to 'False'
[0.573s] Level 5:colcon.colcon_core.verb:set package 'trolleybot_base' build argument 'cmake_force_configure' from command line to 'False'
[0.573s] Level 5:colcon.colcon_core.verb:set package 'trolleybot_base' build argument 'ament_cmake_args' from command line to 'None'
[0.573s] Level 5:colcon.colcon_core.verb:set package 'trolleybot_base' build argument 'catkin_cmake_args' from command line to 'None'
[0.573s] Level 5:colcon.colcon_core.verb:set package 'trolleybot_base' build argument 'catkin_skip_building_tests' from command line to 'False'
[0.573s] DEBUG:colcon.colcon_core.verb:Building package 'trolleybot_base' with the following arguments: {'ament_cmake_args': None, 'build_base': '/home/karan/robomanthan/trolley bot/trolleybot/trolleybot_ws/build/trolleybot_base', 'catkin_cmake_args': None, 'catkin_skip_building_tests': False, 'cmake_args': None, 'cmake_clean_cache': False, 'cmake_clean_first': False, 'cmake_force_configure': False, 'cmake_target': None, 'cmake_target_skip_unavailable': False, 'install_base': '/home/karan/robomanthan/trolley bot/trolleybot/trolleybot_ws/install/trolleybot_base', 'merge_install': False, 'path': '/home/karan/robomanthan/trolley bot/trolleybot/trolleybot_ws/src/trolleybot_base', 'symlink_install': True, 'test_result_base': None}
[0.573s] Level 5:colcon.colcon_core.verb:set package 'trolleybot_bringup' build argument 'cmake_args' from command line to 'None'
[0.573s] Level 5:colcon.colcon_core.verb:set package 'trolleybot_bringup' build argument 'cmake_target' from command line to 'None'
[0.573s] Level 5:colcon.colcon_core.verb:set package 'trolleybot_bringup' build argument 'cmake_target_skip_unavailable' from command line to 'False'
[0.573s] Level 5:colcon.colcon_core.verb:set package 'trolleybot_bringup' build argument 'cmake_clean_cache' from command line to 'False'
[0.573s] Level 5:colcon.colcon_core.verb:set package 'trolleybot_bringup' build argument 'cmake_clean_first' from command line to 'False'
[0.573s] Level 5:colcon.colcon_core.verb:set package 'trolleybot_bringup' build argument 'cmake_force_configure' from command line to 'False'
[0.573s] Level 5:colcon.colcon_core.verb:set package 'trolleybot_bringup' build argument 'ament_cmake_args' from command line to 'None'
[0.573s] Level 5:colcon.colcon_core.verb:set package 'trolleybot_bringup' build argument 'catkin_cmake_args' from command line to 'None'
[0.573s] Level 5:colcon.colcon_core.verb:set package 'trolleybot_bringup' build argument 'catkin_skip_building_tests' from command line to 'False'
[0.573s] DEBUG:colcon.colcon_core.verb:Building package 'trolleybot_bringup' with the following arguments: {'ament_cmake_args': None, 'build_base': '/home/karan/robomanthan/trolley bot/trolleybot/trolleybot_ws/build/trolleybot_bringup', 'catkin_cmake_args': None, 'catkin_skip_building_tests': False, 'cmake_args': None, 'cmake_clean_cache': False, 'cmake_clean_first': False, 'cmake_force_configure': False, 'cmake_target': None, 'cmake_target_skip_unavailable': False, 'install_base': '/home/karan/robomanthan/trolley bot/trolleybot/trolleybot_ws/install/trolleybot_bringup', 'merge_install': False, 'path': '/home/karan/robomanthan/trolley bot/trolleybot/trolleybot_ws/src/trolleybot_bringup', 'symlink_install': True, 'test_result_base': None}
[0.574s] Level 5:colcon.colcon_core.verb:set package 'trolleybot_description' build argument 'cmake_args' from command line to 'None'
[0.574s] Level 5:colcon.colcon_core.verb:set package 'trolleybot_description' build argument 'cmake_target' from command line to 'None'
[0.574s] Level 5:colcon.colcon_core.verb:set package 'trolleybot_description' build argument 'cmake_target_skip_unavailable' from command line to 'False'
[0.574s] Level 5:colcon.colcon_core.verb:set package 'trolleybot_description' build argument 'cmake_clean_cache' from command line to 'False'
[0.574s] Level 5:colcon.colcon_core.verb:set package 'trolleybot_description' build argument 'cmake_clean_first' from command line to 'False'
[0.574s] Level 5:colcon.colcon_core.verb:set package 'trolleybot_description' build argument 'cmake_force_configure' from command line to 'False'
[0.574s] Level 5:colcon.colcon_core.verb:set package 'trolleybot_description' build argument 'ament_cmake_args' from command line to 'None'
[0.574s] Level 5:colcon.colcon_core.verb:set package 'trolleybot_description' build argument 'catkin_cmake_args' from command line to 'None'
[0.574s] Level 5:colcon.colcon_core.verb:set package 'trolleybot_description' build argument 'catkin_skip_building_tests' from command line to 'False'
[0.574s] DEBUG:colcon.colcon_core.verb:Building package 'trolleybot_description' with the following arguments: {'ament_cmake_args': None, 'build_base': '/home/karan/robomanthan/trolley bot/trolleybot/trolleybot_ws/build/trolleybot_description', 'catkin_cmake_args': None, 'catkin_skip_building_tests': False, 'cmake_args': None, 'cmake_clean_cache': False, 'cmake_clean_first': False, 'cmake_force_configure': False, 'cmake_target': None, 'cmake_target_skip_unavailable': False, 'install_base': '/home/karan/robomanthan/trolley bot/trolleybot/trolleybot_ws/install/trolleybot_description', 'merge_install': False, 'path': '/home/karan/robomanthan/trolley bot/trolleybot/trolleybot_ws/src/trolleybot_description', 'symlink_install': True, 'test_result_base': None}
[0.574s] Level 5:colcon.colcon_core.verb:set package 'trolleybot_slam' build argument 'cmake_args' from command line to 'None'
[0.574s] Level 5:colcon.colcon_core.verb:set package 'trolleybot_slam' build argument 'cmake_target' from command line to 'None'
[0.574s] Level 5:colcon.colcon_core.verb:set package 'trolleybot_slam' build argument 'cmake_target_skip_unavailable' from command line to 'False'
[0.574s] Level 5:colcon.colcon_core.verb:set package 'trolleybot_slam' build argument 'cmake_clean_cache' from command line to 'False'
[0.574s] Level 5:colcon.colcon_core.verb:set package 'trolleybot_slam' build argument 'cmake_clean_first' from command line to 'False'
[0.574s] Level 5:colcon.colcon_core.verb:set package 'trolleybot_slam' build argument 'cmake_force_configure' from command line to 'False'
[0.574s] Level 5:colcon.colcon_core.verb:set package 'trolleybot_slam' build argument 'ament_cmake_args' from command line to 'None'
[0.574s] Level 5:colcon.colcon_core.verb:set package 'trolleybot_slam' build argument 'catkin_cmake_args' from command line to 'None'
[0.574s] Level 5:colcon.colcon_core.verb:set package 'trolleybot_slam' build argument 'catkin_skip_building_tests' from command line to 'False'
[0.574s] DEBUG:colcon.colcon_core.verb:Building package 'trolleybot_slam' with the following arguments: {'ament_cmake_args': None, 'build_base': '/home/karan/robomanthan/trolley bot/trolleybot/trolleybot_ws/build/trolleybot_slam', 'catkin_cmake_args': None, 'catkin_skip_building_tests': False, 'cmake_args': None, 'cmake_clean_cache': False, 'cmake_clean_first': False, 'cmake_force_configure': False, 'cmake_target': None, 'cmake_target_skip_unavailable': False, 'install_base': '/home/karan/robomanthan/trolley bot/trolleybot/trolleybot_ws/install/trolleybot_slam', 'merge_install': False, 'path': '/home/karan/robomanthan/trolley bot/trolleybot/trolleybot_ws/src/trolleybot_slam', 'symlink_install': True, 'test_result_base': None}
[0.574s] INFO:colcon.colcon_core.executor:Executing jobs using 'parallel' executor
[0.575s] DEBUG:colcon.colcon_parallel_executor.executor.parallel:run_until_complete
[0.575s] INFO:colcon.colcon_ros.task.ament_python.build:Building ROS package in '/home/karan/robomanthan/trolley bot/trolleybot/trolleybot_ws/src/trolleybot_base' with build type 'ament_python'
[0.575s] Level 1:colcon.colcon_core.shell:create_environment_hook('trolleybot_base', 'ament_prefix_path')
[0.579s] INFO:colcon.colcon_core.plugin_system:Skipping extension 'colcon_core.shell.bat': Not used on non-Windows systems
[0.579s] INFO:colcon.colcon_core.shell:Creating environment hook '/home/karan/robomanthan/trolley bot/trolleybot/trolleybot_ws/install/trolleybot_base/share/trolleybot_base/hook/ament_prefix_path.ps1'
[0.580s] INFO:colcon.colcon_core.shell:Creating environment descriptor '/home/karan/robomanthan/trolley bot/trolleybot/trolleybot_ws/install/trolleybot_base/share/trolleybot_base/hook/ament_prefix_path.dsv'
[0.580s] INFO:colcon.colcon_core.shell:Creating environment hook '/home/karan/robomanthan/trolley bot/trolleybot/trolleybot_ws/install/trolleybot_base/share/trolleybot_base/hook/ament_prefix_path.sh'
[0.581s] INFO:colcon.colcon_core.shell:Skip shell extension 'powershell' for command environment: Not usable outside of PowerShell
[0.581s] DEBUG:colcon.colcon_core.shell:Skip shell extension 'dsv' for command environment
[0.585s] INFO:colcon.colcon_ros.task.ament_cmake.build:Building ROS package in '/home/karan/robomanthan/trolley bot/trolleybot/trolleybot_ws/src/trolleybot_bringup' with build type 'ament_cmake'
[0.585s] INFO:colcon.colcon_cmake.task.cmake.build:Building CMake package in '/home/karan/robomanthan/trolley bot/trolleybot/trolleybot_ws/src/trolleybot_bringup'
[0.585s] INFO:colcon.colcon_core.shell:Skip shell extension 'powershell' for command environment: Not usable outside of PowerShell
[0.585s] DEBUG:colcon.colcon_core.shell:Skip shell extension 'dsv' for command environment
[0.589s] INFO:colcon.colcon_ros.task.ament_cmake.build:Building ROS package in '/home/karan/robomanthan/trolley bot/trolleybot/trolleybot_ws/src/trolleybot_description' with build type 'ament_cmake'
[0.589s] INFO:colcon.colcon_cmake.task.cmake.build:Building CMake package in '/home/karan/robomanthan/trolley bot/trolleybot/trolleybot_ws/src/trolleybot_description'
[0.589s] INFO:colcon.colcon_core.shell:Skip shell extension 'powershell' for command environment: Not usable outside of PowerShell
[0.590s] DEBUG:colcon.colcon_core.shell:Skip shell extension 'dsv' for command environment
[0.593s] INFO:colcon.colcon_ros.task.ament_cmake.build:Building ROS package in '/home/karan/robomanthan/trolley bot/trolleybot/trolleybot_ws/src/trolleybot_slam' with build type 'ament_cmake'
[0.593s] INFO:colcon.colcon_cmake.task.cmake.build:Building CMake package in '/home/karan/robomanthan/trolley bot/trolleybot/trolleybot_ws/src/trolleybot_slam'
[0.593s] INFO:colcon.colcon_core.shell:Skip shell extension 'powershell' for command environment: Not usable outside of PowerShell
[0.593s] DEBUG:colcon.colcon_core.shell:Skip shell extension 'dsv' for command environment
[0.817s] INFO:colcon.colcon_core.task.python.build:Building Python package in '/home/karan/robomanthan/trolley bot/trolleybot/trolleybot_ws/src/trolleybot_base'
[0.817s] INFO:colcon.colcon_core.shell:Skip shell extension 'powershell' for command environment: Not usable outside of PowerShell
[0.817s] DEBUG:colcon.colcon_core.shell:Skip shell extension 'dsv' for command environment
[0.822s] DEBUG:colcon.colcon_core.event_handler.log_command:Invoking command in '/home/karan/robomanthan/trolley bot/trolleybot/trolleybot_ws/build/trolleybot_bringup': CMAKE_PREFIX_PATH=${CMAKE_PREFIX_PATH}:/home/karan/ros2_ws/install/vision_pkg:/home/karan/ros2_ws/install/serial_bridge_pkg:/home/karan/ros2_ws/install/pickplace_robot:/home/karan/ros2_ws/install/pickplace_control_pkg:/home/karan/ros2_ws/install/motor_uart:/opt/ros/humble /usr/bin/cmake /home/karan/robomanthan/trolley bot/trolleybot/trolleybot_ws/src/trolleybot_bringup -DAMENT_CMAKE_SYMLINK_INSTALL=1 -DCMAKE_INSTALL_PREFIX=/home/karan/robomanthan/trolley bot/trolleybot/trolleybot_ws/install/trolleybot_bringup
[0.825s] DEBUG:colcon.colcon_core.event_handler.log_command:Invoking command in '/home/karan/robomanthan/trolley bot/trolleybot/trolleybot_ws/build/trolleybot_description': CMAKE_PREFIX_PATH=${CMAKE_PREFIX_PATH}:/home/karan/ros2_ws/install/vision_pkg:/home/karan/ros2_ws/install/serial_bridge_pkg:/home/karan/ros2_ws/install/pickplace_robot:/home/karan/ros2_ws/install/pickplace_control_pkg:/home/karan/ros2_ws/install/motor_uart:/opt/ros/humble /usr/bin/cmake /home/karan/robomanthan/trolley bot/trolleybot/trolleybot_ws/src/trolleybot_description -DAMENT_CMAKE_SYMLINK_INSTALL=1 -DCMAKE_INSTALL_PREFIX=/home/karan/robomanthan/trolley bot/trolleybot/trolleybot_ws/install/trolleybot_description
[0.828s] DEBUG:colcon.colcon_core.event_handler.log_command:Invoking command in '/home/karan/robomanthan/trolley bot/trolleybot/trolleybot_ws/build/trolleybot_slam': CMAKE_PREFIX_PATH=${CMAKE_PREFIX_PATH}:/home/karan/ros2_ws/install/vision_pkg:/home/karan/ros2_ws/install/serial_bridge_pkg:/home/karan/ros2_ws/install/pickplace_robot:/home/karan/ros2_ws/install/pickplace_control_pkg:/home/karan/ros2_ws/install/motor_uart:/opt/ros/humble /usr/bin/cmake /home/karan/robomanthan/trolley bot/trolleybot/trolleybot_ws/src/trolleybot_slam -DAMENT_CMAKE_SYMLINK_INSTALL=1 -DCMAKE_INSTALL_PREFIX=/home/karan/robomanthan/trolley bot/trolleybot/trolleybot_ws/install/trolleybot_slam
[1.259s] DEBUG:colcon.colcon_core.event_handler.log_command:Invoking command in '/home/karan/robomanthan/trolley bot/trolleybot/trolleybot_ws/build/trolleybot_base': PYTHONPATH=/home/karan/robomanthan/trolley bot/trolleybot/trolleybot_ws/build/trolleybot_base/prefix_override:/usr/lib/python3/dist-packages/colcon_core/task/python/colcon_distutils_commands:/home/karan/robomanthan/trolley bot/trolleybot/trolleybot_ws/install/trolleybot_base/lib/python3.10/site-packages:${PYTHONPATH} /usr/bin/python3 -W ignore:setup.py install is deprecated -W ignore:easy_install command is deprecated setup.py develop --editable --build-directory /home/karan/robomanthan/trolley bot/trolleybot/trolleybot_ws/build/trolleybot_base/build --no-deps symlink_data
[1.490s] DEBUG:colcon.colcon_core.event_handler.log_command:Invoked command in '/home/karan/robomanthan/trolley bot/trolleybot/trolleybot_ws/build/trolleybot_slam' returned '0': CMAKE_PREFIX_PATH=${CMAKE_PREFIX_PATH}:/home/karan/ros2_ws/install/vision_pkg:/home/karan/ros2_ws/install/serial_bridge_pkg:/home/karan/ros2_ws/install/pickplace_robot:/home/karan/ros2_ws/install/pickplace_control_pkg:/home/karan/ros2_ws/install/motor_uart:/opt/ros/humble /usr/bin/cmake /home/karan/robomanthan/trolley bot/trolleybot/trolleybot_ws/src/trolleybot_slam -DAMENT_CMAKE_SYMLINK_INSTALL=1 -DCMAKE_INSTALL_PREFIX=/home/karan/robomanthan/trolley bot/trolleybot/trolleybot_ws/install/trolleybot_slam
[1.492s] DEBUG:colcon.colcon_core.event_handler.log_command:Invoking command in '/home/karan/robomanthan/trolley bot/trolleybot/trolleybot_ws/build/trolleybot_slam': CMAKE_PREFIX_PATH=${CMAKE_PREFIX_PATH}:/home/karan/ros2_ws/install/vision_pkg:/home/karan/ros2_ws/install/serial_bridge_pkg:/home/karan/ros2_ws/install/pickplace_robot:/home/karan/ros2_ws/install/pickplace_control_pkg:/home/karan/ros2_ws/install/motor_uart:/opt/ros/humble /usr/bin/cmake --build /home/karan/robomanthan/trolley bot/trolleybot/trolleybot_ws/build/trolleybot_slam -- -j12 -l12
[1.492s] DEBUG:colcon.colcon_core.event_handler.log_command:Invoked command in '/home/karan/robomanthan/trolley bot/trolleybot/trolleybot_ws/build/trolleybot_description' returned '0': CMAKE_PREFIX_PATH=${CMAKE_PREFIX_PATH}:/home/karan/ros2_ws/install/vision_pkg:/home/karan/ros2_ws/install/serial_bridge_pkg:/home/karan/ros2_ws/install/pickplace_robot:/home/karan/ros2_ws/install/pickplace_control_pkg:/home/karan/ros2_ws/install/motor_uart:/opt/ros/humble /usr/bin/cmake /home/karan/robomanthan/trolley bot/trolleybot/trolleybot_ws/src/trolleybot_description -DAMENT_CMAKE_SYMLINK_INSTALL=1 -DCMAKE_INSTALL_PREFIX=/home/karan/robomanthan/trolley bot/trolleybot/trolleybot_ws/install/trolleybot_description
[1.494s] DEBUG:colcon.colcon_core.event_handler.log_command:Invoking command in '/home/karan/robomanthan/trolley bot/trolleybot/trolleybot_ws/build/trolleybot_description': CMAKE_PREFIX_PATH=${CMAKE_PREFIX_PATH}:/home/karan/ros2_ws/install/vision_pkg:/home/karan/ros2_ws/install/serial_bridge_pkg:/home/karan/ros2_ws/install/pickplace_robot:/home/karan/ros2_ws/install/pickplace_control_pkg:/home/karan/ros2_ws/install/motor_uart:/opt/ros/humble /usr/bin/cmake --build /home/karan/robomanthan/trolley bot/trolleybot/trolleybot_ws/build/trolleybot_description -- -j12 -l12
[1.494s] DEBUG:colcon.colcon_core.event_handler.log_command:Invoked command in '/home/karan/robomanthan/trolley bot/trolleybot/trolleybot_ws/build/trolleybot_bringup' returned '0': CMAKE_PREFIX_PATH=${CMAKE_PREFIX_PATH}:/home/karan/ros2_ws/install/vision_pkg:/home/karan/ros2_ws/install/serial_bridge_pkg:/home/karan/ros2_ws/install/pickplace_robot:/home/karan/ros2_ws/install/pickplace_control_pkg:/home/karan/ros2_ws/install/motor_uart:/opt/ros/humble /usr/bin/cmake /home/karan/robomanthan/trolley bot/trolleybot/trolleybot_ws/src/trolleybot_bringup -DAMENT_CMAKE_SYMLINK_INSTALL=1 -DCMAKE_INSTALL_PREFIX=/home/karan/robomanthan/trolley bot/trolleybot/trolleybot_ws/install/trolleybot_bringup
[1.495s] DEBUG:colcon.colcon_core.event_handler.log_command:Invoking command in '/home/karan/robomanthan/trolley bot/trolleybot/trolleybot_ws/build/trolleybot_bringup': CMAKE_PREFIX_PATH=${CMAKE_PREFIX_PATH}:/home/karan/ros2_ws/install/vision_pkg:/home/karan/ros2_ws/install/serial_bridge_pkg:/home/karan/ros2_ws/install/pickplace_robot:/home/karan/ros2_ws/install/pickplace_control_pkg:/home/karan/ros2_ws/install/motor_uart:/opt/ros/humble /usr/bin/cmake --build /home/karan/robomanthan/trolley bot/trolleybot/trolleybot_ws/build/trolleybot_bringup -- -j12 -l12
[1.528s] DEBUG:colcon.colcon_core.event_handler.log_command:Invoked command in '/home/karan/robomanthan/trolley bot/trolleybot/trolleybot_ws/build/trolleybot_bringup' returned '0': CMAKE_PREFIX_PATH=${CMAKE_PREFIX_PATH}:/home/karan/ros2_ws/install/vision_pkg:/home/karan/ros2_ws/install/serial_bridge_pkg:/home/karan/ros2_ws/install/pickplace_robot:/home/karan/ros2_ws/install/pickplace_control_pkg:/home/karan/ros2_ws/install/motor_uart:/opt/ros/humble /usr/bin/cmake --build /home/karan/robomanthan/trolley bot/trolleybot/trolleybot_ws/build/trolleybot_bringup -- -j12 -l12
[1.537s] DEBUG:colcon.colcon_core.event_handler.log_command:Invoking command in '/home/karan/robomanthan/trolley bot/trolleybot/trolleybot_ws/build/trolleybot_bringup': CMAKE_PREFIX_PATH=${CMAKE_PREFIX_PATH}:/home/karan/ros2_ws/install/vision_pkg:/home/karan/ros2_ws/install/serial_bridge_pkg:/home/karan/ros2_ws/install/pickplace_robot:/home/karan/ros2_ws/install/pickplace_control_pkg:/home/karan/ros2_ws/install/motor_uart:/opt/ros/humble /usr/bin/cmake --install /home/karan/robomanthan/trolley bot/trolleybot/trolleybot_ws/build/trolleybot_bringup
[1.537s] DEBUG:colcon.colcon_core.event_handler.log_command:Invoked command in '/home/karan/robomanthan/trolley bot/trolleybot/trolleybot_ws/build/trolleybot_description' returned '0': CMAKE_PREFIX_PATH=${CMAKE_PREFIX_PATH}:/home/karan/ros2_ws/install/vision_pkg:/home/karan/ros2_ws/install/serial_bridge_pkg:/home/karan/ros2_ws/install/pickplace_robot:/home/karan/ros2_ws/install/pickplace_control_pkg:/home/karan/ros2_ws/install/motor_uart:/opt/ros/humble /usr/bin/cmake --build /home/karan/robomanthan/trolley bot/trolleybot/trolleybot_ws/build/trolleybot_description -- -j12 -l12
[1.538s] DEBUG:colcon.colcon_core.event_handler.log_command:Invoking command in '/home/karan/robomanthan/trolley bot/trolleybot/trolleybot_ws/build/trolleybot_description': CMAKE_PREFIX_PATH=${CMAKE_PREFIX_PATH}:/home/karan/ros2_ws/install/vision_pkg:/home/karan/ros2_ws/install/serial_bridge_pkg:/home/karan/ros2_ws/install/pickplace_robot:/home/karan/ros2_ws/install/pickplace_control_pkg:/home/karan/ros2_ws/install/motor_uart:/opt/ros/humble /usr/bin/cmake --install /home/karan/robomanthan/trolley bot/trolleybot/trolleybot_ws/build/trolleybot_description
[1.539s] DEBUG:colcon.colcon_core.event_handler.log_command:Invoked command in '/home/karan/robomanthan/trolley bot/trolleybot/trolleybot_ws/build/trolleybot_slam' returned '0': CMAKE_PREFIX_PATH=${CMAKE_PREFIX_PATH}:/home/karan/ros2_ws/install/vision_pkg:/home/karan/ros2_ws/install/serial_bridge_pkg:/home/karan/ros2_ws/install/pickplace_robot:/home/karan/ros2_ws/install/pickplace_control_pkg:/home/karan/ros2_ws/install/motor_uart:/opt/ros/humble /usr/bin/cmake --build /home/karan/robomanthan/trolley bot/trolleybot/trolleybot_ws/build/trolleybot_slam -- -j12 -l12
[1.540s] DEBUG:colcon.colcon_core.event_handler.log_command:Invoking command in '/home/karan/robomanthan/trolley bot/trolleybot/trolleybot_ws/build/trolleybot_slam': CMAKE_PREFIX_PATH=${CMAKE_PREFIX_PATH}:/home/karan/ros2_ws/install/vision_pkg:/home/karan/ros2_ws/install/serial_bridge_pkg:/home/karan/ros2_ws/install/pickplace_robot:/home/karan/ros2_ws/install/pickplace_control_pkg:/home/karan/ros2_ws/install/motor_uart:/opt/ros/humble /usr/bin/cmake --install /home/karan/robomanthan/trolley bot/trolleybot/trolleybot_ws/build/trolleybot_slam
[1.677s] Level 1:colcon.colcon_core.shell:create_environment_hook('trolleybot_base', 'pythonpath_develop')
[1.677s] INFO:colcon.colcon_core.shell:Creating environment hook '/home/karan/robomanthan/trolley bot/trolleybot/trolleybot_ws/build/trolleybot_base/share/trolleybot_base/hook/pythonpath_develop.ps1'
[1.678s] DEBUG:colcon.colcon_core.event_handler.log_command:Invoked command in '/home/karan/robomanthan/trolley bot/trolleybot/trolleybot_ws/build/trolleybot_base' returned '0': PYTHONPATH=/home/karan/robomanthan/trolley bot/trolleybot/trolleybot_ws/build/trolleybot_base/prefix_override:/usr/lib/python3/dist-packages/colcon_core/task/python/colcon_distutils_commands:/home/karan/robomanthan/trolley bot/trolleybot/trolleybot_ws/install/trolleybot_base/lib/python3.10/site-packages:${PYTHONPATH} /usr/bin/python3 -W ignore:setup.py install is deprecated -W ignore:easy_install command is deprecated setup.py develop --editable --build-directory /home/karan/robomanthan/trolley bot/trolleybot/trolleybot_ws/build/trolleybot_base/build --no-deps symlink_data
[1.678s] INFO:colcon.colcon_core.shell:Creating environment descriptor '/home/karan/robomanthan/trolley bot/trolleybot/trolleybot_ws/build/trolleybot_base/share/trolleybot_base/hook/pythonpath_develop.dsv'
[1.678s] INFO:colcon.colcon_core.shell:Creating environment hook '/home/karan/robomanthan/trolley bot/trolleybot/trolleybot_ws/build/trolleybot_base/share/trolleybot_base/hook/pythonpath_develop.sh'
[1.683s] Level 1:colcon.colcon_core.environment:checking '/home/karan/robomanthan/trolley bot/trolleybot/trolleybot_ws/install/trolleybot_base' for CMake module files
[1.684s] Level 1:colcon.colcon_core.environment:checking '/home/karan/robomanthan/trolley bot/trolleybot/trolleybot_ws/install/trolleybot_base' for CMake config files
[1.684s] Level 1:colcon.colcon_core.environment:checking '/home/karan/robomanthan/trolley bot/trolleybot/trolleybot_ws/install/trolleybot_base/lib'
[1.684s] Level 1:colcon.colcon_core.environment:checking '/home/karan/robomanthan/trolley bot/trolleybot/trolleybot_ws/install/trolleybot_base/bin'
[1.684s] Level 1:colcon.colcon_core.environment:checking '/home/karan/robomanthan/trolley bot/trolleybot/trolleybot_ws/install/trolleybot_base/lib/pkgconfig/trolleybot_base.pc'
[1.684s] Level 1:colcon.colcon_core.environment:checking '/home/karan/robomanthan/trolley bot/trolleybot/trolleybot_ws/install/trolleybot_base/lib/python3.10/site-packages'
[1.684s] Level 1:colcon.colcon_core.shell:create_environment_hook('trolleybot_base', 'pythonpath')
[1.685s] INFO:colcon.colcon_core.shell:Creating environment hook '/home/karan/robomanthan/trolley bot/trolleybot/trolleybot_ws/install/trolleybot_base/share/trolleybot_base/hook/pythonpath.ps1'
[1.685s] INFO:colcon.colcon_core.shell:Creating environment descriptor '/home/karan/robomanthan/trolley bot/trolleybot/trolleybot_ws/install/trolleybot_base/share/trolleybot_base/hook/pythonpath.dsv'
[1.685s] INFO:colcon.colcon_core.shell:Creating environment hook '/home/karan/robomanthan/trolley bot/trolleybot/trolleybot_ws/install/trolleybot_base/share/trolleybot_base/hook/pythonpath.sh'
[1.686s] Level 1:colcon.colcon_core.environment:checking '/home/karan/robomanthan/trolley bot/trolleybot/trolleybot_ws/install/trolleybot_base/bin'
[1.686s] Level 1:colcon.colcon_core.environment:create_environment_scripts_only(trolleybot_base)
[1.686s] INFO:colcon.colcon_core.shell:Creating package script '/home/karan/robomanthan/trolley bot/trolleybot/trolleybot_ws/install/trolleybot_base/share/trolleybot_base/package.ps1'
[1.687s] INFO:colcon.colcon_core.shell:Creating package descriptor '/home/karan/robomanthan/trolley bot/trolleybot/trolleybot_ws/install/trolleybot_base/share/trolleybot_base/package.dsv'
[1.688s] INFO:colcon.colcon_core.shell:Creating package script '/home/karan/robomanthan/trolley bot/trolleybot/trolleybot_ws/install/trolleybot_base/share/trolleybot_base/package.sh'
[1.688s] INFO:colcon.colcon_core.shell:Creating package script '/home/karan/robomanthan/trolley bot/trolleybot/trolleybot_ws/install/trolleybot_base/share/trolleybot_base/package.bash'
[1.689s] INFO:colcon.colcon_core.shell:Creating package script '/home/karan/robomanthan/trolley bot/trolleybot/trolleybot_ws/install/trolleybot_base/share/trolleybot_base/package.zsh'
[1.689s] Level 1:colcon.colcon_core.environment:create_file_with_runtime_dependencies(/home/karan/robomanthan/trolley bot/trolleybot/trolleybot_ws/install/trolleybot_base/share/colcon-core/packages/trolleybot_base)
[1.691s] Level 1:colcon.colcon_core.environment:create_environment_scripts_only(trolleybot_bringup)
[1.691s] Level 1:colcon.colcon_core.environment:checking '/home/karan/robomanthan/trolley bot/trolleybot/trolleybot_ws/install/trolleybot_bringup' for CMake module files
[1.691s] DEBUG:colcon.colcon_core.event_handler.log_command:Invoked command in '/home/karan/robomanthan/trolley bot/trolleybot/trolleybot_ws/build/trolleybot_bringup' returned '0': CMAKE_PREFIX_PATH=${CMAKE_PREFIX_PATH}:/home/karan/ros2_ws/install/vision_pkg:/home/karan/ros2_ws/install/serial_bridge_pkg:/home/karan/ros2_ws/install/pickplace_robot:/home/karan/ros2_ws/install/pickplace_control_pkg:/home/karan/ros2_ws/install/motor_uart:/opt/ros/humble /usr/bin/cmake --install /home/karan/robomanthan/trolley bot/trolleybot/trolleybot_ws/build/trolleybot_bringup
[1.692s] Level 1:colcon.colcon_core.environment:checking '/home/karan/robomanthan/trolley bot/trolleybot/trolleybot_ws/install/trolleybot_bringup' for CMake config files
[1.692s] Level 1:colcon.colcon_core.shell:create_environment_hook('trolleybot_bringup', 'cmake_prefix_path')
[1.692s] INFO:colcon.colcon_core.shell:Creating environment hook '/home/karan/robomanthan/trolley bot/trolleybot/trolleybot_ws/install/trolleybot_bringup/share/trolleybot_bringup/hook/cmake_prefix_path.ps1'
[1.692s] INFO:colcon.colcon_core.shell:Creating environment descriptor '/home/karan/robomanthan/trolley bot/trolleybot/trolleybot_ws/install/trolleybot_bringup/share/trolleybot_bringup/hook/cmake_prefix_path.dsv'
[1.692s] INFO:colcon.colcon_core.shell:Creating environment hook '/home/karan/robomanthan/trolley bot/trolleybot/trolleybot_ws/install/trolleybot_bringup/share/trolleybot_bringup/hook/cmake_prefix_path.sh'
[1.693s] Level 1:colcon.colcon_core.environment:checking '/home/karan/robomanthan/trolley bot/trolleybot/trolleybot_ws/install/trolleybot_bringup/bin'
[1.693s] Level 1:colcon.colcon_core.environment:checking '/home/karan/robomanthan/trolley bot/trolleybot/trolleybot_ws/install/trolleybot_bringup/lib/pkgconfig/trolleybot_bringup.pc'
[1.693s] Level 1:colcon.colcon_core.environment:checking '/home/karan/robomanthan/trolley bot/trolleybot/trolleybot_ws/install/trolleybot_bringup/lib/python3.10/site-packages'
[1.693s] Level 1:colcon.colcon_core.environment:checking '/home/karan/robomanthan/trolley bot/trolleybot/trolleybot_ws/install/trolleybot_bringup/bin'
[1.693s] INFO:colcon.colcon_core.shell:Creating package script '/home/karan/robomanthan/trolley bot/trolleybot/trolleybot_ws/install/trolleybot_bringup/share/trolleybot_bringup/package.ps1'
[1.694s] INFO:colcon.colcon_core.shell:Creating package descriptor '/home/karan/robomanthan/trolley bot/trolleybot/trolleybot_ws/install/trolleybot_bringup/share/trolleybot_bringup/package.dsv'
[1.694s] INFO:colcon.colcon_core.shell:Creating package script '/home/karan/robomanthan/trolley bot/trolleybot/trolleybot_ws/install/trolleybot_bringup/share/trolleybot_bringup/package.sh'
[1.694s] INFO:colcon.colcon_core.shell:Creating package script '/home/karan/robomanthan/trolley bot/trolleybot/trolleybot_ws/install/trolleybot_bringup/share/trolleybot_bringup/package.bash'
[1.694s] INFO:colcon.colcon_core.shell:Creating package script '/home/karan/robomanthan/trolley bot/trolleybot/trolleybot_ws/install/trolleybot_bringup/share/trolleybot_bringup/package.zsh'
[1.695s] Level 1:colcon.colcon_core.environment:create_file_with_runtime_dependencies(/home/karan/robomanthan/trolley bot/trolleybot/trolleybot_ws/install/trolleybot_bringup/share/colcon-core/packages/trolleybot_bringup)
[1.695s] Level 1:colcon.colcon_core.environment:create_environment_scripts_only(trolleybot_bringup)
[1.695s] Level 1:colcon.colcon_core.environment:checking '/home/karan/robomanthan/trolley bot/trolleybot/trolleybot_ws/install/trolleybot_bringup' for CMake module files
[1.695s] Level 1:colcon.colcon_core.environment:checking '/home/karan/robomanthan/trolley bot/trolleybot/trolleybot_ws/install/trolleybot_bringup' for CMake config files
[1.696s] Level 1:colcon.colcon_core.shell:create_environment_hook('trolleybot_bringup', 'cmake_prefix_path')
[1.696s] INFO:colcon.colcon_core.shell:Creating environment hook '/home/karan/robomanthan/trolley bot/trolleybot/trolleybot_ws/install/trolleybot_bringup/share/trolleybot_bringup/hook/cmake_prefix_path.ps1'
[1.696s] INFO:colcon.colcon_core.shell:Creating environment descriptor '/home/karan/robomanthan/trolley bot/trolleybot/trolleybot_ws/install/trolleybot_bringup/share/trolleybot_bringup/hook/cmake_prefix_path.dsv'
[1.696s] INFO:colcon.colcon_core.shell:Creating environment hook '/home/karan/robomanthan/trolley bot/trolleybot/trolleybot_ws/install/trolleybot_bringup/share/trolleybot_bringup/hook/cmake_prefix_path.sh'
[1.697s] Level 1:colcon.colcon_core.environment:checking '/home/karan/robomanthan/trolley bot/trolleybot/trolleybot_ws/install/trolleybot_bringup/bin'
[1.697s] Level 1:colcon.colcon_core.environment:checking '/home/karan/robomanthan/trolley bot/trolleybot/trolleybot_ws/install/trolleybot_bringup/lib/pkgconfig/trolleybot_bringup.pc'
[1.697s] Level 1:colcon.colcon_core.environment:checking '/home/karan/robomanthan/trolley bot/trolleybot/trolleybot_ws/install/trolleybot_bringup/lib/python3.10/site-packages'
[1.697s] Level 1:colcon.colcon_core.environment:checking '/home/karan/robomanthan/trolley bot/trolleybot/trolleybot_ws/install/trolleybot_bringup/bin'
[1.697s] INFO:colcon.colcon_core.shell:Creating package script '/home/karan/robomanthan/trolley bot/trolleybot/trolleybot_ws/install/trolleybot_bringup/share/trolleybot_bringup/package.ps1'
[1.698s] INFO:colcon.colcon_core.shell:Creating package descriptor '/home/karan/robomanthan/trolley bot/trolleybot/trolleybot_ws/install/trolleybot_bringup/share/trolleybot_bringup/package.dsv'
[1.698s] INFO:colcon.colcon_core.shell:Creating package script '/home/karan/robomanthan/trolley bot/trolleybot/trolleybot_ws/install/trolleybot_bringup/share/trolleybot_bringup/package.sh'
[1.698s] INFO:colcon.colcon_core.shell:Creating package script '/home/karan/robomanthan/trolley bot/trolleybot/trolleybot_ws/install/trolleybot_bringup/share/trolleybot_bringup/package.bash'
[1.699s] INFO:colcon.colcon_core.shell:Creating package script '/home/karan/robomanthan/trolley bot/trolleybot/trolleybot_ws/install/trolleybot_bringup/share/trolleybot_bringup/package.zsh'
[1.699s] Level 1:colcon.colcon_core.environment:create_file_with_runtime_dependencies(/home/karan/robomanthan/trolley bot/trolleybot/trolleybot_ws/install/trolleybot_bringup/share/colcon-core/packages/trolleybot_bringup)
[1.699s] Level 1:colcon.colcon_core.environment:create_environment_scripts_only(trolleybot_description)
[1.699s] Level 1:colcon.colcon_core.environment:checking '/home/karan/robomanthan/trolley bot/trolleybot/trolleybot_ws/install/trolleybot_description' for CMake module files
[1.700s] DEBUG:colcon.colcon_core.event_handler.log_command:Invoked command in '/home/karan/robomanthan/trolley bot/trolleybot/trolleybot_ws/build/trolleybot_description' returned '0': CMAKE_PREFIX_PATH=${CMAKE_PREFIX_PATH}:/home/karan/ros2_ws/install/vision_pkg:/home/karan/ros2_ws/install/serial_bridge_pkg:/home/karan/ros2_ws/install/pickplace_robot:/home/karan/ros2_ws/install/pickplace_control_pkg:/home/karan/ros2_ws/install/motor_uart:/opt/ros/humble /usr/bin/cmake --install /home/karan/robomanthan/trolley bot/trolleybot/trolleybot_ws/build/trolleybot_description
[1.700s] Level 1:colcon.colcon_core.environment:checking '/home/karan/robomanthan/trolley bot/trolleybot/trolleybot_ws/install/trolleybot_description' for CMake config files
[1.701s] Level 1:colcon.colcon_core.shell:create_environment_hook('trolleybot_description', 'cmake_prefix_path')
[1.701s] INFO:colcon.colcon_core.shell:Creating environment hook '/home/karan/robomanthan/trolley bot/trolleybot/trolleybot_ws/install/trolleybot_description/share/trolleybot_description/hook/cmake_prefix_path.ps1'
[1.701s] INFO:colcon.colcon_core.shell:Creating environment descriptor '/home/karan/robomanthan/trolley bot/trolleybot/trolleybot_ws/install/trolleybot_description/share/trolleybot_description/hook/cmake_prefix_path.dsv'
[1.701s] INFO:colcon.colcon_core.shell:Creating environment hook '/home/karan/robomanthan/trolley bot/trolleybot/trolleybot_ws/install/trolleybot_description/share/trolleybot_description/hook/cmake_prefix_path.sh'
[1.702s] Level 1:colcon.colcon_core.environment:checking '/home/karan/robomanthan/trolley bot/trolleybot/trolleybot_ws/install/trolleybot_description/bin'
[1.702s] Level 1:colcon.colcon_core.environment:checking '/home/karan/robomanthan/trolley bot/trolleybot/trolleybot_ws/install/trolleybot_description/lib/pkgconfig/trolleybot_description.pc'
[1.702s] Level 1:colcon.colcon_core.environment:checking '/home/karan/robomanthan/trolley bot/trolleybot/trolleybot_ws/install/trolleybot_description/lib/python3.10/site-packages'
[1.702s] Level 1:colcon.colcon_core.environment:checking '/home/karan/robomanthan/trolley bot/trolleybot/trolleybot_ws/install/trolleybot_description/bin'
[1.702s] INFO:colcon.colcon_core.shell:Creating package script '/home/karan/robomanthan/trolley bot/trolleybot/trolleybot_ws/install/trolleybot_description/share/trolleybot_description/package.ps1'
[1.703s] INFO:colcon.colcon_core.shell:Creating package descriptor '/home/karan/robomanthan/trolley bot/trolleybot/trolleybot_ws/install/trolleybot_description/share/trolleybot_description/package.dsv'
[1.703s] INFO:colcon.colcon_core.shell:Creating package script '/home/karan/robomanthan/trolley bot/trolleybot/trolleybot_ws/install/trolleybot_description/share/trolleybot_description/package.sh'
[1.703s] INFO:colcon.colcon_core.shell:Creating package script '/home/karan/robomanthan/trolley bot/trolleybot/trolleybot_ws/install/trolleybot_description/share/trolleybot_description/package.bash'
[1.703s] INFO:colcon.colcon_core.shell:Creating package script '/home/karan/robomanthan/trolley bot/trolleybot/trolleybot_ws/install/trolleybot_description/share/trolleybot_description/package.zsh'
[1.704s] Level 1:colcon.colcon_core.environment:create_file_with_runtime_dependencies(/home/karan/robomanthan/trolley bot/trolleybot/trolleybot_ws/install/trolleybot_description/share/colcon-core/packages/trolleybot_description)
[1.704s] Level 1:colcon.colcon_core.environment:create_environment_scripts_only(trolleybot_description)
[1.704s] Level 1:colcon.colcon_core.environment:checking '/home/karan/robomanthan/trolley bot/trolleybot/trolleybot_ws/install/trolleybot_description' for CMake module files
[1.705s] Level 1:colcon.colcon_core.environment:checking '/home/karan/robomanthan/trolley bot/trolleybot/trolleybot_ws/install/trolleybot_description' for CMake config files
[1.705s] Level 1:colcon.colcon_core.shell:create_environment_hook('trolleybot_description', 'cmake_prefix_path')
[1.705s] INFO:colcon.colcon_core.shell:Creating environment hook '/home/karan/robomanthan/trolley bot/trolleybot/trolleybot_ws/install/trolleybot_description/share/trolleybot_description/hook/cmake_prefix_path.ps1'
[1.705s] INFO:colcon.colcon_core.shell:Creating environment descriptor '/home/karan/robomanthan/trolley bot/trolleybot/trolleybot_ws/install/trolleybot_description/share/trolleybot_description/hook/cmake_prefix_path.dsv'
[1.706s] INFO:colcon.colcon_core.shell:Creating environment hook '/home/karan/robomanthan/trolley bot/trolleybot/trolleybot_ws/install/trolleybot_description/share/trolleybot_description/hook/cmake_prefix_path.sh'
[1.706s] Level 1:colcon.colcon_core.environment:checking '/home/karan/robomanthan/trolley bot/trolleybot/trolleybot_ws/install/trolleybot_description/bin'
[1.706s] Level 1:colcon.colcon_core.environment:checking '/home/karan/robomanthan/trolley bot/trolleybot/trolleybot_ws/install/trolleybot_description/lib/pkgconfig/trolleybot_description.pc'
[1.706s] Level 1:colcon.colcon_core.environment:checking '/home/karan/robomanthan/trolley bot/trolleybot/trolleybot_ws/install/trolleybot_description/lib/python3.10/site-packages'
[1.706s] Level 1:colcon.colcon_core.environment:checking '/home/karan/robomanthan/trolley bot/trolleybot/trolleybot_ws/install/trolleybot_description/bin'
[1.707s] INFO:colcon.colcon_core.shell:Creating package script '/home/karan/robomanthan/trolley bot/trolleybot/trolleybot_ws/install/trolleybot_description/share/trolleybot_description/package.ps1'
[1.707s] INFO:colcon.colcon_core.shell:Creating package descriptor '/home/karan/robomanthan/trolley bot/trolleybot/trolleybot_ws/install/trolleybot_description/share/trolleybot_description/package.dsv'
[1.707s] INFO:colcon.colcon_core.shell:Creating package script '/home/karan/robomanthan/trolley bot/trolleybot/trolleybot_ws/install/trolleybot_description/share/trolleybot_description/package.sh'
[1.708s] INFO:colcon.colcon_core.shell:Creating package script '/home/karan/robomanthan/trolley bot/trolleybot/trolleybot_ws/install/trolleybot_description/share/trolleybot_description/package.bash'
[1.708s] INFO:colcon.colcon_core.shell:Creating package script '/home/karan/robomanthan/trolley bot/trolleybot/trolleybot_ws/install/trolleybot_description/share/trolleybot_description/package.zsh'
[1.708s] Level 1:colcon.colcon_core.environment:create_file_with_runtime_dependencies(/home/karan/robomanthan/trolley bot/trolleybot/trolleybot_ws/install/trolleybot_description/share/colcon-core/packages/trolleybot_description)
[1.708s] Level 1:colcon.colcon_core.environment:create_environment_scripts_only(trolleybot_slam)
[1.709s] Level 1:colcon.colcon_core.environment:checking '/home/karan/robomanthan/trolley bot/trolleybot/trolleybot_ws/install/trolleybot_slam' for CMake module files
[1.709s] DEBUG:colcon.colcon_core.event_handler.log_command:Invoked command in '/home/karan/robomanthan/trolley bot/trolleybot/trolleybot_ws/build/trolleybot_slam' returned '0': CMAKE_PREFIX_PATH=${CMAKE_PREFIX_PATH}:/home/karan/ros2_ws/install/vision_pkg:/home/karan/ros2_ws/install/serial_bridge_pkg:/home/karan/ros2_ws/install/pickplace_robot:/home/karan/ros2_ws/install/pickplace_control_pkg:/home/karan/ros2_ws/install/motor_uart:/opt/ros/humble /usr/bin/cmake --install /home/karan/robomanthan/trolley bot/trolleybot/trolleybot_ws/build/trolleybot_slam
[1.710s] Level 1:colcon.colcon_core.environment:checking '/home/karan/robomanthan/trolley bot/trolleybot/trolleybot_ws/install/trolleybot_slam' for CMake config files
[1.710s] Level 1:colcon.colcon_core.shell:create_environment_hook('trolleybot_slam', 'cmake_prefix_path')
[1.710s] INFO:colcon.colcon_core.shell:Creating environment hook '/home/karan/robomanthan/trolley bot/trolleybot/trolleybot_ws/install/trolleybot_slam/share/trolleybot_slam/hook/cmake_prefix_path.ps1'
[1.710s] INFO:colcon.colcon_core.shell:Creating environment descriptor '/home/karan/robomanthan/trolley bot/trolleybot/trolleybot_ws/install/trolleybot_slam/share/trolleybot_slam/hook/cmake_prefix_path.dsv'
[1.710s] INFO:colcon.colcon_core.shell:Creating environment hook '/home/karan/robomanthan/trolley bot/trolleybot/trolleybot_ws/install/trolleybot_slam/share/trolleybot_slam/hook/cmake_prefix_path.sh'
[1.711s] Level 1:colcon.colcon_core.environment:checking '/home/karan/robomanthan/trolley bot/trolleybot/trolleybot_ws/install/trolleybot_slam/bin'
[1.711s] Level 1:colcon.colcon_core.environment:checking '/home/karan/robomanthan/trolley bot/trolleybot/trolleybot_ws/install/trolleybot_slam/lib/pkgconfig/trolleybot_slam.pc'
[1.711s] Level 1:colcon.colcon_core.environment:checking '/home/karan/robomanthan/trolley bot/trolleybot/trolleybot_ws/install/trolleybot_slam/lib/python3.10/site-packages'
[1.711s] Level 1:colcon.colcon_core.environment:checking '/home/karan/robomanthan/trolley bot/trolleybot/trolleybot_ws/install/trolleybot_slam/bin'
[1.711s] INFO:colcon.colcon_core.shell:Creating package script '/home/karan/robomanthan/trolley bot/trolleybot/trolleybot_ws/install/trolleybot_slam/share/trolleybot_slam/package.ps1'
[1.711s] INFO:colcon.colcon_core.shell:Creating package descriptor '/home/karan/robomanthan/trolley bot/trolleybot/trolleybot_ws/install/trolleybot_slam/share/trolleybot_slam/package.dsv'
[1.712s] INFO:colcon.colcon_core.shell:Creating package script '/home/karan/robomanthan/trolley bot/trolleybot/trolleybot_ws/install/trolleybot_slam/share/trolleybot_slam/package.sh'
[1.712s] INFO:colcon.colcon_core.shell:Creating package script '/home/karan/robomanthan/trolley bot/trolleybot/trolleybot_ws/install/trolleybot_slam/share/trolleybot_slam/package.bash'
[1.712s] INFO:colcon.colcon_core.shell:Creating package script '/home/karan/robomanthan/trolley bot/trolleybot/trolleybot_ws/install/trolleybot_slam/share/trolleybot_slam/package.zsh'
[1.712s] Level 1:colcon.colcon_core.environment:create_file_with_runtime_dependencies(/home/karan/robomanthan/trolley bot/trolleybot/trolleybot_ws/install/trolleybot_slam/share/colcon-core/packages/trolleybot_slam)
[1.713s] Level 1:colcon.colcon_core.environment:create_environment_scripts_only(trolleybot_slam)
[1.713s] Level 1:colcon.colcon_core.environment:checking '/home/karan/robomanthan/trolley bot/trolleybot/trolleybot_ws/install/trolleybot_slam' for CMake module files
[1.713s] Level 1:colcon.colcon_core.environment:checking '/home/karan/robomanthan/trolley bot/trolleybot/trolleybot_ws/install/trolleybot_slam' for CMake config files
[1.713s] Level 1:colcon.colcon_core.shell:create_environment_hook('trolleybot_slam', 'cmake_prefix_path')
[1.714s] INFO:colcon.colcon_core.shell:Creating environment hook '/home/karan/robomanthan/trolley bot/trolleybot/trolleybot_ws/install/trolleybot_slam/share/trolleybot_slam/hook/cmake_prefix_path.ps1'
[1.714s] INFO:colcon.colcon_core.shell:Creating environment descriptor '/home/karan/robomanthan/trolley bot/trolleybot/trolleybot_ws/install/trolleybot_slam/share/trolleybot_slam/hook/cmake_prefix_path.dsv'
[1.714s] INFO:colcon.colcon_core.shell:Creating environment hook '/home/karan/robomanthan/trolley bot/trolleybot/trolleybot_ws/install/trolleybot_slam/share/trolleybot_slam/hook/cmake_prefix_path.sh'
[1.715s] Level 1:colcon.colcon_core.environment:checking '/home/karan/robomanthan/trolley bot/trolleybot/trolleybot_ws/install/trolleybot_slam/bin'
[1.715s] Level 1:colcon.colcon_core.environment:checking '/home/karan/robomanthan/trolley bot/trolleybot/trolleybot_ws/install/trolleybot_slam/lib/pkgconfig/trolleybot_slam.pc'
[1.715s] Level 1:colcon.colcon_core.environment:checking '/home/karan/robomanthan/trolley bot/trolleybot/trolleybot_ws/install/trolleybot_slam/lib/python3.10/site-packages'
[1.715s] Level 1:colcon.colcon_core.environment:checking '/home/karan/robomanthan/trolley bot/trolleybot/trolleybot_ws/install/trolleybot_slam/bin'
[1.715s] INFO:colcon.colcon_core.shell:Creating package script '/home/karan/robomanthan/trolley bot/trolleybot/trolleybot_ws/install/trolleybot_slam/share/trolleybot_slam/package.ps1'
[1.715s] INFO:colcon.colcon_core.shell:Creating package descriptor '/home/karan/robomanthan/trolley bot/trolleybot/trolleybot_ws/install/trolleybot_slam/share/trolleybot_slam/package.dsv'
[1.716s] INFO:colcon.colcon_core.shell:Creating package script '/home/karan/robomanthan/trolley bot/trolleybot/trolleybot_ws/install/trolleybot_slam/share/trolleybot_slam/package.sh'
[1.716s] INFO:colcon.colcon_core.shell:Creating package script '/home/karan/robomanthan/trolley bot/trolleybot/trolleybot_ws/install/trolleybot_slam/share/trolleybot_slam/package.bash'
[1.717s] INFO:colcon.colcon_core.shell:Creating package script '/home/karan/robomanthan/trolley bot/trolleybot/trolleybot_ws/install/trolleybot_slam/share/trolleybot_slam/package.zsh'
[1.717s] Level 1:colcon.colcon_core.environment:create_file_with_runtime_dependencies(/home/karan/robomanthan/trolley bot/trolleybot/trolleybot_ws/install/trolleybot_slam/share/colcon-core/packages/trolleybot_slam)
[1.717s] DEBUG:colcon.colcon_parallel_executor.executor.parallel:closing loop
[1.717s] DEBUG:colcon.colcon_parallel_executor.executor.parallel:loop closed
[1.717s] DEBUG:colcon.colcon_parallel_executor.executor.parallel:run_until_complete finished with '0'
[1.717s] DEBUG:colcon.colcon_core.event_reactor:joining thread
[1.723s] INFO:colcon.colcon_core.plugin_system:Skipping extension 'colcon_notification.desktop_notification.terminal_notifier': Not used on non-Darwin systems
[1.723s] INFO:colcon.colcon_core.plugin_system:Skipping extension 'colcon_notification.desktop_notification.win32': Not used on non-Windows systems
[1.723s] INFO:colcon.colcon_notification.desktop_notification:Sending desktop notification using 'notify2'
[1.731s] DEBUG:colcon.colcon_core.event_reactor:joined thread
[1.732s] INFO:colcon.colcon_core.shell:Creating prefix script '/home/karan/robomanthan/trolley bot/trolleybot/trolleybot_ws/install/local_setup.ps1'
[1.733s] INFO:colcon.colcon_core.shell:Creating prefix util module '/home/karan/robomanthan/trolley bot/trolleybot/trolleybot_ws/install/_local_setup_util_ps1.py'
[1.734s] INFO:colcon.colcon_core.shell:Creating prefix chain script '/home/karan/robomanthan/trolley bot/trolleybot/trolleybot_ws/install/setup.ps1'
[1.735s] INFO:colcon.colcon_core.shell:Creating prefix script '/home/karan/robomanthan/trolley bot/trolleybot/trolleybot_ws/install/local_setup.sh'
[1.736s] INFO:colcon.colcon_core.shell:Creating prefix util module '/home/karan/robomanthan/trolley bot/trolleybot/trolleybot_ws/install/_local_setup_util_sh.py'
[1.736s] INFO:colcon.colcon_core.shell:Creating prefix chain script '/home/karan/robomanthan/trolley bot/trolleybot/trolleybot_ws/install/setup.sh'
[1.737s] INFO:colcon.colcon_core.shell:Creating prefix script '/home/karan/robomanthan/trolley bot/trolleybot/trolleybot_ws/install/local_setup.bash'
[1.738s] INFO:colcon.colcon_core.shell:Creating prefix chain script '/home/karan/robomanthan/trolley bot/trolleybot/trolleybot_ws/install/setup.bash'
[1.739s] INFO:colcon.colcon_core.shell:Creating prefix script '/home/karan/robomanthan/trolley bot/trolleybot/trolleybot_ws/install/local_setup.zsh'
[1.739s] INFO:colcon.colcon_core.shell:Creating prefix chain script '/home/karan/robomanthan/trolley bot/trolleybot/trolleybot_ws/install/setup.zsh'
